Spark Command: /Library/Java/JavaVirtualMachines/jdk-14.0.1.jdk/Contents/Home/bin/java -cp /Users/samridhi/spark/conf/:/Users/samridhi/spark/jars/* -Xmx1g org.apache.spark.deploy.worker.Worker --webui-port 8081 spark://localhost:7077
========================================
Using Spark's default log4j profile: org/apache/spark/log4j-defaults.properties
23/03/01 14:53:48 INFO Worker: Started daemon with process name: 48682@169-231-178-94.wireless.ucsb.edu
23/03/01 14:53:48 INFO SignalUtils: Registering signal handler for TERM
23/03/01 14:53:48 INFO SignalUtils: Registering signal handler for HUP
23/03/01 14:53:48 INFO SignalUtils: Registering signal handler for INT
WARNING: An illegal reflective access operation has occurred
WARNING: Illegal reflective access by org.apache.spark.unsafe.Platform (file:/Users/samridhi/spark/jars/spark-unsafe_2.13-3.2.3.jar) to constructor java.nio.DirectByteBuffer(long,int)
WARNING: Please consider reporting this to the maintainers of org.apache.spark.unsafe.Platform
WARNING: Use --illegal-access=warn to enable warnings of further illegal reflective access operations
WARNING: All illegal access operations will be denied in a future release
23/03/01 14:53:49 WARN NativeCodeLoader: Unable to load native-hadoop library for your platform... using builtin-java classes where applicable
23/03/01 14:53:49 INFO SecurityManager: Changing view acls to: root
23/03/01 14:53:49 INFO SecurityManager: Changing modify acls to: root
23/03/01 14:53:49 INFO SecurityManager: Changing view acls groups to: 
23/03/01 14:53:49 INFO SecurityManager: Changing modify acls groups to: 
23/03/01 14:53:49 INFO SecurityManager: SecurityManager: authentication disabled; ui acls disabled; users  with view permissions: Set(root); groups with view permissions: Set(); users  with modify permissions: Set(root); groups with modify permissions: Set()
23/03/01 14:53:50 INFO Utils: Successfully started service 'sparkWorker' on port 65132.
23/03/01 14:53:50 INFO Worker: Worker decommissioning not enabled.
23/03/01 14:53:50 WARN ExternalShuffleService: 'spark.local.dir' should be set first when we use db in ExternalShuffleService. Note that this only affects standalone mode.
23/03/01 14:53:50 INFO Worker: Starting Spark worker 169.231.178.94:65132 with 8 cores, 15.0 GiB RAM
23/03/01 14:53:50 INFO Worker: Running Spark version 3.2.3
23/03/01 14:53:50 INFO Worker: Spark home: /Users/samridhi/spark
23/03/01 14:53:50 INFO ExternalShuffleService: Starting shuffle service on port 7337 (auth enabled = false)
23/03/01 14:53:50 INFO ResourceUtils: ==============================================================
23/03/01 14:53:50 INFO ResourceUtils: No custom resources configured for spark.worker.
23/03/01 14:53:50 INFO ResourceUtils: ==============================================================
23/03/01 14:53:50 WARN Utils: Service 'WorkerUI' could not bind on port 8081. Attempting port 8082.
23/03/01 14:53:50 INFO Utils: Successfully started service 'WorkerUI' on port 8082.
23/03/01 14:53:50 INFO WorkerWebUI: Bound WorkerWebUI to 0.0.0.0, and started at http://169-231-178-94.wireless.ucsb.edu:8082
23/03/01 14:53:50 INFO Worker: Connecting to master localhost:7077...
23/03/01 14:53:50 INFO TransportClientFactory: Successfully created connection to localhost/127.0.0.1:7077 after 48 ms (0 ms spent in bootstraps)
23/03/01 14:53:50 INFO Worker: Successfully registered with master spark://localhost:7077
23/03/01 14:58:00 INFO Worker: Asked to launch executor app-20230301145800-0000/0 for pyspark-shell
23/03/01 14:58:00 INFO SecurityManager: Changing view acls to: root
23/03/01 14:58:00 INFO SecurityManager: Changing modify acls to: root
23/03/01 14:58:00 INFO SecurityManager: Changing view acls groups to: 
23/03/01 14:58:00 INFO SecurityManager: Changing modify acls groups to: 
23/03/01 14:58:00 INFO SecurityManager: SecurityManager: authentication disabled; ui acls disabled; users  with view permissions: Set(root); groups with view permissions: Set(); users  with modify permissions: Set(root); groups with modify permissions: Set()
23/03/01 14:58:00 INFO ExecutorRunner: Launch command: "/Library/Java/JavaVirtualMachines/jdk-14.0.1.jdk/Contents/Home/bin/java" "-cp" "/Users/samridhi/spark/conf/:/Users/samridhi/spark/jars/*" "-Xmx1024M" "-Dspark.driver.port=65168" "org.apache.spark.executor.CoarseGrainedExecutorBackend" "--driver-url" "spark://CoarseGrainedScheduler@169-231-178-94.wireless.ucsb.edu:65168" "--executor-id" "0" "--hostname" "169.231.178.94" "--cores" "8" "--app-id" "app-20230301145800-0000" "--worker-url" "spark://Worker@169.231.178.94:65132"
23/03/01 14:58:04 INFO ExternalShuffleBlockResolver: Registered executor ExternalShuffleBlockResolver.AppExecId[appId=app-20230301145800-0000,execId=0] with ExecutorShuffleInfo[localDirs=[/private/var/folders/zz/zyxvpxvq6csfxvn_n0000000000000/T/spark-a5f06d5d-8e8b-4579-a07a-8a23d1256804/executor-735cf2b1-5da0-4a07-8009-5d01be03969e/blockmgr-953ed567-cd8d-4132-9ee9-a0e76037ebc7],subDirsPerLocalDir=64,shuffleManager=org.apache.spark.shuffle.sort.SortShuffleManager]
23/03/01 14:59:43 INFO ExternalShuffleBlockResolver: Application app-20230301145941-0001 removed, cleanupLocalDirs = true
23/03/01 15:01:14 INFO ExternalShuffleBlockResolver: Application app-20230301150112-0002 removed, cleanupLocalDirs = true
23/03/01 15:49:52 INFO ExternalShuffleBlockResolver: Application app-20230301150426-0004 removed, cleanupLocalDirs = true
23/03/01 15:49:52 INFO ExternalShuffleBlockResolver: Application app-20230301150348-0003 removed, cleanupLocalDirs = true
23/03/01 15:49:52 INFO ExternalShuffleBlockResolver: Application app-20230301151752-0005 removed, cleanupLocalDirs = true
23/03/01 15:51:52 INFO ExternalShuffleBlockResolver: Application app-20230301155149-0007 removed, cleanupLocalDirs = true
23/03/01 15:53:00 INFO ExternalShuffleBlockResolver: Application app-20230301155257-0008 removed, cleanupLocalDirs = true
23/03/01 15:53:30 INFO ExternalShuffleBlockResolver: Application app-20230301155328-0009 removed, cleanupLocalDirs = true
23/03/01 15:53:39 INFO ExternalShuffleBlockResolver: Application app-20230301155337-0010 removed, cleanupLocalDirs = true
23/03/01 15:55:29 INFO ExternalShuffleBlockResolver: Application app-20230301155526-0011 removed, cleanupLocalDirs = true
23/03/01 15:55:38 INFO ExternalShuffleBlockResolver: Application app-20230301155536-0012 removed, cleanupLocalDirs = true
23/03/01 15:55:47 INFO ExternalShuffleBlockResolver: Application app-20230301155057-0006 removed, cleanupLocalDirs = true
23/03/01 15:56:30 INFO ExternalShuffleBlockResolver: Application app-20230301155627-0013 removed, cleanupLocalDirs = true
23/03/01 15:57:31 INFO ExternalShuffleBlockResolver: Application app-20230301155728-0014 removed, cleanupLocalDirs = true
23/03/01 15:58:30 INFO ExternalShuffleBlockResolver: Application app-20230301155827-0015 removed, cleanupLocalDirs = true
23/03/01 15:59:32 INFO ExternalShuffleBlockResolver: Application app-20230301155930-0016 removed, cleanupLocalDirs = true
23/03/01 16:00:31 INFO ExternalShuffleBlockResolver: Application app-20230301160028-0017 removed, cleanupLocalDirs = true
23/03/01 16:02:32 INFO ExternalShuffleBlockResolver: Application app-20230301160229-0018 removed, cleanupLocalDirs = true
23/03/01 16:03:35 INFO ExternalShuffleBlockResolver: Application app-20230301160331-0019 removed, cleanupLocalDirs = true
23/03/01 16:04:31 INFO ExternalShuffleBlockResolver: Application app-20230301160428-0021 removed, cleanupLocalDirs = true
23/03/01 16:05:33 INFO ExternalShuffleBlockResolver: Application app-20230301160530-0022 removed, cleanupLocalDirs = true
23/03/01 16:06:32 INFO ExternalShuffleBlockResolver: Application app-20230301160629-0023 removed, cleanupLocalDirs = true
23/03/01 16:07:32 INFO ExternalShuffleBlockResolver: Application app-20230301160730-0025 removed, cleanupLocalDirs = true
23/03/01 16:08:34 INFO ExternalShuffleBlockResolver: Application app-20230301160831-0026 removed, cleanupLocalDirs = true
23/03/01 16:09:32 INFO ExternalShuffleBlockResolver: Application app-20230301160929-0027 removed, cleanupLocalDirs = true
23/03/01 16:10:11 INFO Worker: Asked to kill executor app-20230301145800-0000/0
23/03/01 16:10:11 INFO ExecutorRunner: Runner thread for executor app-20230301145800-0000/0 interrupted
23/03/01 16:10:11 INFO ExecutorRunner: Killing process!
23/03/01 16:10:11 INFO Worker: Asked to launch executor app-20230301160336-0020/0 for explore
23/03/01 16:10:11 INFO Worker: Asked to launch executor app-20230301160707-0024/0 for explore
23/03/01 16:10:11 INFO SecurityManager: Changing view acls to: root
23/03/01 16:10:11 INFO SecurityManager: Changing view acls to: root
23/03/01 16:10:11 INFO SecurityManager: Changing modify acls to: root
23/03/01 16:10:11 INFO SecurityManager: Changing view acls groups to: 
23/03/01 16:10:11 INFO SecurityManager: Changing modify acls groups to: 
23/03/01 16:10:11 INFO SecurityManager: SecurityManager: authentication disabled; ui acls disabled; users  with view permissions: Set(root); groups with view permissions: Set(); users  with modify permissions: Set(root); groups with modify permissions: Set()
23/03/01 16:10:11 INFO SecurityManager: Changing modify acls to: root
23/03/01 16:10:11 INFO SecurityManager: Changing view acls groups to: 
23/03/01 16:10:11 INFO SecurityManager: Changing modify acls groups to: 
23/03/01 16:10:11 INFO SecurityManager: SecurityManager: authentication disabled; ui acls disabled; users  with view permissions: Set(root); groups with view permissions: Set(); users  with modify permissions: Set(root); groups with modify permissions: Set()
23/03/01 16:10:12 INFO ExecutorRunner: Launch command: "/Library/Java/JavaVirtualMachines/jdk-14.0.1.jdk/Contents/Home/bin/java" "-cp" "/Users/samridhi/spark/conf/:/Users/samridhi/spark/jars/*" "-Xmx1024M" "-Dspark.driver.port=60752" "org.apache.spark.executor.CoarseGrainedExecutorBackend" "--driver-url" "spark://CoarseGrainedScheduler@169-231-178-94.wireless.ucsb.edu:60752" "--executor-id" "0" "--hostname" "169.231.178.94" "--cores" "1" "--app-id" "app-20230301160707-0024" "--worker-url" "spark://Worker@169.231.178.94:65132"
23/03/01 16:10:12 INFO ExecutorRunner: Launch command: "/Library/Java/JavaVirtualMachines/jdk-14.0.1.jdk/Contents/Home/bin/java" "-cp" "/Users/samridhi/spark/conf/:/Users/samridhi/spark/jars/*" "-Xmx1024M" "-Dspark.driver.port=59073" "org.apache.spark.executor.CoarseGrainedExecutorBackend" "--driver-url" "spark://CoarseGrainedScheduler@169-231-178-94.wireless.ucsb.edu:59073" "--executor-id" "0" "--hostname" "169.231.178.94" "--cores" "1" "--app-id" "app-20230301160336-0020" "--worker-url" "spark://Worker@169.231.178.94:65132"
23/03/01 16:10:12 INFO Worker: Executor app-20230301145800-0000/0 finished with state KILLED exitStatus 143
23/03/01 16:10:12 INFO ExternalShuffleBlockResolver: Clean up non-shuffle and non-RDD files associated with the finished executor 0
23/03/01 16:10:12 INFO ExternalShuffleBlockResolver: Cleaning up non-shuffle and non-RDD files in executor ExternalShuffleBlockResolver.AppExecId[appId=app-20230301145800-0000,execId=0]'s 1 local dirs
23/03/01 16:10:12 INFO ExternalShuffleBlockResolver: Application app-20230301145800-0000 removed, cleanupLocalDirs = true
23/03/01 16:10:12 INFO ExternalShuffleBlockResolver: Cleaning up executor ExternalShuffleBlockResolver.AppExecId[appId=app-20230301145800-0000,execId=0]'s 1 local dirs
23/03/01 16:10:12 INFO Worker: Cleaning up local directories for application app-20230301145800-0000
23/03/01 16:10:17 INFO ExternalShuffleBlockResolver: Registered executor ExternalShuffleBlockResolver.AppExecId[appId=app-20230301160336-0020,execId=0] with ExecutorShuffleInfo[localDirs=[/private/var/folders/zz/zyxvpxvq6csfxvn_n0000000000000/T/spark-a5f06d5d-8e8b-4579-a07a-8a23d1256804/executor-227cf62c-76ea-47c7-b671-678ebc00af1e/blockmgr-d46280af-2d88-4f2f-8742-f4aa0113506f],subDirsPerLocalDir=64,shuffleManager=org.apache.spark.shuffle.sort.SortShuffleManager]
23/03/01 16:10:18 INFO ExternalShuffleBlockResolver: Registered executor ExternalShuffleBlockResolver.AppExecId[appId=app-20230301160707-0024,execId=0] with ExecutorShuffleInfo[localDirs=[/private/var/folders/zz/zyxvpxvq6csfxvn_n0000000000000/T/spark-a5f06d5d-8e8b-4579-a07a-8a23d1256804/executor-3408c5c1-74ed-48aa-b8fd-0415296e9396/blockmgr-7e13d130-f72f-446d-a293-56d07ec1f3ec],subDirsPerLocalDir=64,shuffleManager=org.apache.spark.shuffle.sort.SortShuffleManager]
23/03/01 16:10:33 INFO Worker: Asked to launch executor app-20230301161033-0028/0 for transform:samridhim/publish-demo-2/20
23/03/01 16:10:33 INFO SecurityManager: Changing view acls to: root
23/03/01 16:10:33 INFO SecurityManager: Changing modify acls to: root
23/03/01 16:10:33 INFO SecurityManager: Changing view acls groups to: 
23/03/01 16:10:33 INFO SecurityManager: Changing modify acls groups to: 
23/03/01 16:10:33 INFO SecurityManager: SecurityManager: authentication disabled; ui acls disabled; users  with view permissions: Set(root); groups with view permissions: Set(); users  with modify permissions: Set(root); groups with modify permissions: Set()
23/03/01 16:10:33 INFO ExecutorRunner: Launch command: "/Library/Java/JavaVirtualMachines/jdk-14.0.1.jdk/Contents/Home/bin/java" "-cp" "/Users/samridhi/spark/conf/:/Users/samridhi/spark/jars/*" "-Xmx1024M" "-Dspark.driver.port=62660" "org.apache.spark.executor.CoarseGrainedExecutorBackend" "--driver-url" "spark://CoarseGrainedScheduler@169-231-178-94.wireless.ucsb.edu:62660" "--executor-id" "0" "--hostname" "169.231.178.94" "--cores" "1" "--app-id" "app-20230301161033-0028" "--worker-url" "spark://Worker@169.231.178.94:65132"
23/03/01 16:10:36 INFO Worker: Asked to kill executor app-20230301161033-0028/0
23/03/01 16:10:36 INFO ExecutorRunner: Runner thread for executor app-20230301161033-0028/0 interrupted
23/03/01 16:10:36 INFO ExecutorRunner: Killing process!
23/03/01 16:10:36 INFO Worker: Executor app-20230301161033-0028/0 finished with state KILLED exitStatus 143
23/03/01 16:10:36 INFO ExternalShuffleBlockResolver: Clean up non-shuffle and non-RDD files associated with the finished executor 0
23/03/01 16:10:36 INFO ExternalShuffleBlockResolver: Executor is not registered (appId=app-20230301161033-0028, execId=0)
23/03/01 16:10:36 INFO ExternalShuffleBlockResolver: Application app-20230301161033-0028 removed, cleanupLocalDirs = true
23/03/01 16:10:36 INFO Worker: Cleaning up local directories for application app-20230301161033-0028
23/03/01 16:11:30 INFO Worker: Asked to launch executor app-20230301161129-0029/0 for transform:samridhim/publish-demo-2/21
23/03/01 16:11:30 INFO SecurityManager: Changing view acls to: root
23/03/01 16:11:30 INFO SecurityManager: Changing modify acls to: root
23/03/01 16:11:30 INFO SecurityManager: Changing view acls groups to: 
23/03/01 16:11:30 INFO SecurityManager: Changing modify acls groups to: 
23/03/01 16:11:30 INFO SecurityManager: SecurityManager: authentication disabled; ui acls disabled; users  with view permissions: Set(root); groups with view permissions: Set(); users  with modify permissions: Set(root); groups with modify permissions: Set()
23/03/01 16:11:30 INFO ExecutorRunner: Launch command: "/Library/Java/JavaVirtualMachines/jdk-14.0.1.jdk/Contents/Home/bin/java" "-cp" "/Users/samridhi/spark/conf/:/Users/samridhi/spark/jars/*" "-Xmx1024M" "-Dspark.driver.port=63080" "org.apache.spark.executor.CoarseGrainedExecutorBackend" "--driver-url" "spark://CoarseGrainedScheduler@169-231-178-94.wireless.ucsb.edu:63080" "--executor-id" "0" "--hostname" "169.231.178.94" "--cores" "1" "--app-id" "app-20230301161129-0029" "--worker-url" "spark://Worker@169.231.178.94:65132"
23/03/01 16:11:33 INFO Worker: Asked to kill executor app-20230301161129-0029/0
23/03/01 16:11:33 INFO ExecutorRunner: Runner thread for executor app-20230301161129-0029/0 interrupted
23/03/01 16:11:33 INFO ExecutorRunner: Killing process!
23/03/01 16:11:33 INFO Worker: Executor app-20230301161129-0029/0 finished with state KILLED exitStatus 143
23/03/01 16:11:33 INFO ExternalShuffleBlockResolver: Clean up non-shuffle and non-RDD files associated with the finished executor 0
23/03/01 16:11:33 INFO ExternalShuffleBlockResolver: Executor is not registered (appId=app-20230301161129-0029, execId=0)
23/03/01 16:11:33 INFO ExternalShuffleBlockResolver: Application app-20230301161129-0029 removed, cleanupLocalDirs = true
23/03/01 16:11:33 INFO Worker: Cleaning up local directories for application app-20230301161129-0029
23/03/01 16:13:42 INFO Worker: Asked to launch executor app-20230301161342-0030/0 for transform:samridhim/publish-demo-2/23
23/03/01 16:13:42 INFO SecurityManager: Changing view acls to: root
23/03/01 16:13:42 INFO SecurityManager: Changing modify acls to: root
23/03/01 16:13:42 INFO SecurityManager: Changing view acls groups to: 
23/03/01 16:13:42 INFO SecurityManager: Changing modify acls groups to: 
23/03/01 16:13:42 INFO SecurityManager: SecurityManager: authentication disabled; ui acls disabled; users  with view permissions: Set(root); groups with view permissions: Set(); users  with modify permissions: Set(root); groups with modify permissions: Set()
23/03/01 16:13:42 INFO ExecutorRunner: Launch command: "/Library/Java/JavaVirtualMachines/jdk-14.0.1.jdk/Contents/Home/bin/java" "-cp" "/Users/samridhi/spark/conf/:/Users/samridhi/spark/jars/*" "-Xmx1024M" "-Dspark.driver.port=50572" "org.apache.spark.executor.CoarseGrainedExecutorBackend" "--driver-url" "spark://CoarseGrainedScheduler@169-231-178-94.wireless.ucsb.edu:50572" "--executor-id" "0" "--hostname" "169.231.178.94" "--cores" "1" "--app-id" "app-20230301161342-0030" "--worker-url" "spark://Worker@169.231.178.94:65132"
23/03/01 16:13:46 INFO Worker: Asked to kill executor app-20230301161342-0030/0
23/03/01 16:13:46 INFO ExecutorRunner: Runner thread for executor app-20230301161342-0030/0 interrupted
23/03/01 16:13:46 INFO ExecutorRunner: Killing process!
23/03/01 16:13:46 INFO Worker: Executor app-20230301161342-0030/0 finished with state KILLED exitStatus 143
23/03/01 16:13:46 INFO ExternalShuffleBlockResolver: Clean up non-shuffle and non-RDD files associated with the finished executor 0
23/03/01 16:13:46 INFO ExternalShuffleBlockResolver: Executor is not registered (appId=app-20230301161342-0030, execId=0)
23/03/01 16:13:46 INFO ExternalShuffleBlockResolver: Application app-20230301161342-0030 removed, cleanupLocalDirs = true
23/03/01 16:13:46 INFO Worker: Cleaning up local directories for application app-20230301161342-0030
23/03/01 16:14:30 INFO Worker: Asked to launch executor app-20230301161430-0031/0 for transform:samridhim/publish-demo-2/24
23/03/01 16:14:30 INFO SecurityManager: Changing view acls to: root
23/03/01 16:14:30 INFO SecurityManager: Changing modify acls to: root
23/03/01 16:14:30 INFO SecurityManager: Changing view acls groups to: 
23/03/01 16:14:30 INFO SecurityManager: Changing modify acls groups to: 
23/03/01 16:14:30 INFO SecurityManager: SecurityManager: authentication disabled; ui acls disabled; users  with view permissions: Set(root); groups with view permissions: Set(); users  with modify permissions: Set(root); groups with modify permissions: Set()
23/03/01 16:14:30 INFO ExecutorRunner: Launch command: "/Library/Java/JavaVirtualMachines/jdk-14.0.1.jdk/Contents/Home/bin/java" "-cp" "/Users/samridhi/spark/conf/:/Users/samridhi/spark/jars/*" "-Xmx1024M" "-Dspark.driver.port=51003" "org.apache.spark.executor.CoarseGrainedExecutorBackend" "--driver-url" "spark://CoarseGrainedScheduler@169-231-178-94.wireless.ucsb.edu:51003" "--executor-id" "0" "--hostname" "169.231.178.94" "--cores" "1" "--app-id" "app-20230301161430-0031" "--worker-url" "spark://Worker@169.231.178.94:65132"
23/03/01 16:14:33 INFO Worker: Asked to kill executor app-20230301161430-0031/0
23/03/01 16:14:33 INFO ExecutorRunner: Runner thread for executor app-20230301161430-0031/0 interrupted
23/03/01 16:14:33 INFO ExecutorRunner: Killing process!
23/03/01 16:14:33 INFO Worker: Executor app-20230301161430-0031/0 finished with state KILLED exitStatus 143
23/03/01 16:14:33 INFO ExternalShuffleBlockResolver: Clean up non-shuffle and non-RDD files associated with the finished executor 0
23/03/01 16:14:33 INFO ExternalShuffleBlockResolver: Executor is not registered (appId=app-20230301161430-0031, execId=0)
23/03/01 16:14:33 INFO ExternalShuffleBlockResolver: Application app-20230301161430-0031 removed, cleanupLocalDirs = true
23/03/01 16:14:33 INFO Worker: Cleaning up local directories for application app-20230301161430-0031
23/03/01 16:15:33 INFO Worker: Asked to launch executor app-20230301161532-0032/0 for transform:samridhim/publish-demo-2/25
23/03/01 16:15:33 INFO SecurityManager: Changing view acls to: root
23/03/01 16:15:33 INFO SecurityManager: Changing modify acls to: root
23/03/01 16:15:33 INFO SecurityManager: Changing view acls groups to: 
23/03/01 16:15:33 INFO SecurityManager: Changing modify acls groups to: 
23/03/01 16:15:33 INFO SecurityManager: SecurityManager: authentication disabled; ui acls disabled; users  with view permissions: Set(root); groups with view permissions: Set(); users  with modify permissions: Set(root); groups with modify permissions: Set()
23/03/01 16:15:33 INFO ExecutorRunner: Launch command: "/Library/Java/JavaVirtualMachines/jdk-14.0.1.jdk/Contents/Home/bin/java" "-cp" "/Users/samridhi/spark/conf/:/Users/samridhi/spark/jars/*" "-Xmx1024M" "-Dspark.driver.port=51535" "org.apache.spark.executor.CoarseGrainedExecutorBackend" "--driver-url" "spark://CoarseGrainedScheduler@169-231-178-94.wireless.ucsb.edu:51535" "--executor-id" "0" "--hostname" "169.231.178.94" "--cores" "1" "--app-id" "app-20230301161532-0032" "--worker-url" "spark://Worker@169.231.178.94:65132"
23/03/01 16:15:35 INFO Worker: Asked to kill executor app-20230301161532-0032/0
23/03/01 16:15:35 INFO ExecutorRunner: Runner thread for executor app-20230301161532-0032/0 interrupted
23/03/01 16:15:35 INFO ExecutorRunner: Killing process!
23/03/01 16:15:35 INFO Worker: Executor app-20230301161532-0032/0 finished with state KILLED exitStatus 143
23/03/01 16:15:35 INFO ExternalShuffleBlockResolver: Clean up non-shuffle and non-RDD files associated with the finished executor 0
23/03/01 16:15:35 INFO ExternalShuffleBlockResolver: Executor is not registered (appId=app-20230301161532-0032, execId=0)
23/03/01 16:15:35 INFO ExternalShuffleBlockResolver: Application app-20230301161532-0032 removed, cleanupLocalDirs = true
23/03/01 16:15:35 INFO Worker: Cleaning up local directories for application app-20230301161532-0032
