Spark Command: /Library/Java/JavaVirtualMachines/jdk-14.0.1.jdk/Contents/Home/bin/java -cp /Users/samridhi/spark/conf/:/Users/samridhi/spark/jars/* -Xmx1g org.apache.spark.deploy.master.Master --host 169-231-178-94.wireless.ucsb.edu --port 7077 --webui-port 8080 -h localhost -p 7077
========================================
Using Spark's default log4j profile: org/apache/spark/log4j-defaults.properties
23/03/01 14:53:33 INFO Master: Started daemon with process name: 48621@169-231-178-94.wireless.ucsb.edu
23/03/01 14:53:33 INFO SignalUtils: Registering signal handler for TERM
23/03/01 14:53:33 INFO SignalUtils: Registering signal handler for HUP
23/03/01 14:53:33 INFO SignalUtils: Registering signal handler for INT
WARNING: An illegal reflective access operation has occurred
WARNING: Illegal reflective access by org.apache.spark.unsafe.Platform (file:/Users/samridhi/spark/jars/spark-unsafe_2.13-3.2.3.jar) to constructor java.nio.DirectByteBuffer(long,int)
WARNING: Please consider reporting this to the maintainers of org.apache.spark.unsafe.Platform
WARNING: Use --illegal-access=warn to enable warnings of further illegal reflective access operations
WARNING: All illegal access operations will be denied in a future release
23/03/01 14:53:33 WARN NativeCodeLoader: Unable to load native-hadoop library for your platform... using builtin-java classes where applicable
23/03/01 14:53:34 INFO SecurityManager: Changing view acls to: root
23/03/01 14:53:34 INFO SecurityManager: Changing modify acls to: root
23/03/01 14:53:34 INFO SecurityManager: Changing view acls groups to: 
23/03/01 14:53:34 INFO SecurityManager: Changing modify acls groups to: 
23/03/01 14:53:34 INFO SecurityManager: SecurityManager: authentication disabled; ui acls disabled; users  with view permissions: Set(root); groups with view permissions: Set(); users  with modify permissions: Set(root); groups with modify permissions: Set()
23/03/01 14:53:34 INFO Utils: Successfully started service 'sparkMaster' on port 7077.
23/03/01 14:53:34 INFO Master: Starting Spark master at spark://localhost:7077
23/03/01 14:53:34 INFO Master: Running Spark version 3.2.3
23/03/01 14:53:34 WARN Utils: Service 'MasterUI' could not bind on port 8080. Attempting port 8081.
23/03/01 14:53:34 INFO Utils: Successfully started service 'MasterUI' on port 8081.
23/03/01 14:53:34 INFO MasterWebUI: Bound MasterWebUI to 0.0.0.0, and started at http://169-231-178-94.wireless.ucsb.edu:8081
23/03/01 14:53:35 INFO Master: I have been elected leader! New state: ALIVE
23/03/01 14:53:50 INFO Master: Registering worker 169.231.178.94:65132 with 8 cores, 15.0 GiB RAM
23/03/01 14:54:47 ERROR TransportRequestHandler: Error while invoking RpcHandler#receive() for one-way message.
java.io.InvalidClassException: scala.collection.immutable.ArraySeq; local class incompatible: stream classdesc serialVersionUID = -8615987390676041167, local class serialVersionUID = 4730060848621307251
	at java.base/java.io.ObjectStreamClass.initNonProxy(ObjectStreamClass.java:715)
	at java.base/java.io.ObjectInputStream.readNonProxyDesc(ObjectInputStream.java:1999)
	at java.base/java.io.ObjectInputStream.readClassDesc(ObjectInputStream.java:1868)
	at java.base/java.io.ObjectInputStream.readNonProxyDesc(ObjectInputStream.java:1999)
	at java.base/java.io.ObjectInputStream.readClassDesc(ObjectInputStream.java:1868)
	at java.base/java.io.ObjectInputStream.readOrdinaryObject(ObjectInputStream.java:2161)
	at java.base/java.io.ObjectInputStream.readObject0(ObjectInputStream.java:1685)
	at java.base/java.io.ObjectInputStream.defaultReadFields(ObjectInputStream.java:2498)
	at java.base/java.io.ObjectInputStream.readSerialData(ObjectInputStream.java:2392)
	at java.base/java.io.ObjectInputStream.readOrdinaryObject(ObjectInputStream.java:2193)
	at java.base/java.io.ObjectInputStream.readObject0(ObjectInputStream.java:1685)
	at java.base/java.io.ObjectInputStream.defaultReadFields(ObjectInputStream.java:2498)
	at java.base/java.io.ObjectInputStream.readSerialData(ObjectInputStream.java:2392)
	at java.base/java.io.ObjectInputStream.readOrdinaryObject(ObjectInputStream.java:2193)
	at java.base/java.io.ObjectInputStream.readObject0(ObjectInputStream.java:1685)
	at java.base/java.io.ObjectInputStream.defaultReadFields(ObjectInputStream.java:2498)
	at java.base/java.io.ObjectInputStream.readSerialData(ObjectInputStream.java:2392)
	at java.base/java.io.ObjectInputStream.readOrdinaryObject(ObjectInputStream.java:2193)
	at java.base/java.io.ObjectInputStream.readObject0(ObjectInputStream.java:1685)
	at java.base/java.io.ObjectInputStream.readObject(ObjectInputStream.java:499)
	at java.base/java.io.ObjectInputStream.readObject(ObjectInputStream.java:457)
	at org.apache.spark.serializer.JavaDeserializationStream.readObject(JavaSerializer.scala:76)
	at org.apache.spark.serializer.JavaSerializerInstance.deserialize(JavaSerializer.scala:109)
	at org.apache.spark.rpc.netty.NettyRpcEnv.$anonfun$deserialize$2(NettyRpcEnv.scala:299)
	at scala.util.DynamicVariable.withValue(DynamicVariable.scala:59)
	at org.apache.spark.rpc.netty.NettyRpcEnv.deserialize(NettyRpcEnv.scala:352)
	at org.apache.spark.rpc.netty.NettyRpcEnv.$anonfun$deserialize$1(NettyRpcEnv.scala:298)
	at scala.util.DynamicVariable.withValue(DynamicVariable.scala:59)
	at org.apache.spark.rpc.netty.NettyRpcEnv.deserialize(NettyRpcEnv.scala:298)
	at org.apache.spark.rpc.netty.RequestMessage$.apply(NettyRpcEnv.scala:646)
	at org.apache.spark.rpc.netty.NettyRpcHandler.internalReceive(NettyRpcEnv.scala:697)
	at org.apache.spark.rpc.netty.NettyRpcHandler.receive(NettyRpcEnv.scala:689)
	at org.apache.spark.network.server.TransportRequestHandler.processOneWayMessage(TransportRequestHandler.java:274)
	at org.apache.spark.network.server.TransportRequestHandler.handle(TransportRequestHandler.java:111)
	at org.apache.spark.network.server.TransportChannelHandler.channelRead0(TransportChannelHandler.java:140)
	at org.apache.spark.network.server.TransportChannelHandler.channelRead0(TransportChannelHandler.java:53)
	at io.netty.channel.SimpleChannelInboundHandler.channelRead(SimpleChannelInboundHandler.java:99)
	at io.netty.channel.AbstractChannelHandlerContext.invokeChannelRead(AbstractChannelHandlerContext.java:379)
	at io.netty.channel.AbstractChannelHandlerContext.invokeChannelRead(AbstractChannelHandlerContext.java:365)
	at io.netty.channel.AbstractChannelHandlerContext.fireChannelRead(AbstractChannelHandlerContext.java:357)
	at io.netty.handler.timeout.IdleStateHandler.channelRead(IdleStateHandler.java:286)
	at io.netty.channel.AbstractChannelHandlerContext.invokeChannelRead(AbstractChannelHandlerContext.java:379)
	at io.netty.channel.AbstractChannelHandlerContext.invokeChannelRead(AbstractChannelHandlerContext.java:365)
	at io.netty.channel.AbstractChannelHandlerContext.fireChannelRead(AbstractChannelHandlerContext.java:357)
	at io.netty.handler.codec.MessageToMessageDecoder.channelRead(MessageToMessageDecoder.java:103)
	at io.netty.channel.AbstractChannelHandlerContext.invokeChannelRead(AbstractChannelHandlerContext.java:379)
	at io.netty.channel.AbstractChannelHandlerContext.invokeChannelRead(AbstractChannelHandlerContext.java:365)
	at io.netty.channel.AbstractChannelHandlerContext.fireChannelRead(AbstractChannelHandlerContext.java:357)
	at org.apache.spark.network.util.TransportFrameDecoder.channelRead(TransportFrameDecoder.java:102)
	at io.netty.channel.AbstractChannelHandlerContext.invokeChannelRead(AbstractChannelHandlerContext.java:379)
	at io.netty.channel.AbstractChannelHandlerContext.invokeChannelRead(AbstractChannelHandlerContext.java:365)
	at io.netty.channel.AbstractChannelHandlerContext.fireChannelRead(AbstractChannelHandlerContext.java:357)
	at io.netty.channel.DefaultChannelPipeline$HeadContext.channelRead(DefaultChannelPipeline.java:1410)
	at io.netty.channel.AbstractChannelHandlerContext.invokeChannelRead(AbstractChannelHandlerContext.java:379)
	at io.netty.channel.AbstractChannelHandlerContext.invokeChannelRead(AbstractChannelHandlerContext.java:365)
	at io.netty.channel.DefaultChannelPipeline.fireChannelRead(DefaultChannelPipeline.java:919)
	at io.netty.channel.nio.AbstractNioByteChannel$NioByteUnsafe.read(AbstractNioByteChannel.java:166)
	at io.netty.channel.nio.NioEventLoop.processSelectedKey(NioEventLoop.java:719)
	at io.netty.channel.nio.NioEventLoop.processSelectedKeysOptimized(NioEventLoop.java:655)
	at io.netty.channel.nio.NioEventLoop.processSelectedKeys(NioEventLoop.java:581)
	at io.netty.channel.nio.NioEventLoop.run(NioEventLoop.java:493)
	at io.netty.util.concurrent.SingleThreadEventExecutor$4.run(SingleThreadEventExecutor.java:986)
	at io.netty.util.internal.ThreadExecutorMap$2.run(ThreadExecutorMap.java:74)
	at io.netty.util.concurrent.FastThreadLocalRunnable.run(FastThreadLocalRunnable.java:30)
	at java.base/java.lang.Thread.run(Thread.java:832)
23/03/01 14:54:57 INFO Master: 127.0.0.1:65139 got disassociated, removing it.
23/03/01 14:54:57 INFO Master: 169-231-178-94.wireless.ucsb.edu:65138 got disassociated, removing it.
23/03/01 14:55:17 ERROR TransportRequestHandler: Error while invoking RpcHandler#receive() for one-way message.
java.io.InvalidClassException: scala.collection.immutable.ArraySeq; local class incompatible: stream classdesc serialVersionUID = -8615987390676041167, local class serialVersionUID = 4730060848621307251
	at java.base/java.io.ObjectStreamClass.initNonProxy(ObjectStreamClass.java:715)
	at java.base/java.io.ObjectInputStream.readNonProxyDesc(ObjectInputStream.java:1999)
	at java.base/java.io.ObjectInputStream.readClassDesc(ObjectInputStream.java:1868)
	at java.base/java.io.ObjectInputStream.readNonProxyDesc(ObjectInputStream.java:1999)
	at java.base/java.io.ObjectInputStream.readClassDesc(ObjectInputStream.java:1868)
	at java.base/java.io.ObjectInputStream.readOrdinaryObject(ObjectInputStream.java:2161)
	at java.base/java.io.ObjectInputStream.readObject0(ObjectInputStream.java:1685)
	at java.base/java.io.ObjectInputStream.defaultReadFields(ObjectInputStream.java:2498)
	at java.base/java.io.ObjectInputStream.readSerialData(ObjectInputStream.java:2392)
	at java.base/java.io.ObjectInputStream.readOrdinaryObject(ObjectInputStream.java:2193)
	at java.base/java.io.ObjectInputStream.readObject0(ObjectInputStream.java:1685)
	at java.base/java.io.ObjectInputStream.defaultReadFields(ObjectInputStream.java:2498)
	at java.base/java.io.ObjectInputStream.readSerialData(ObjectInputStream.java:2392)
	at java.base/java.io.ObjectInputStream.readOrdinaryObject(ObjectInputStream.java:2193)
	at java.base/java.io.ObjectInputStream.readObject0(ObjectInputStream.java:1685)
	at java.base/java.io.ObjectInputStream.defaultReadFields(ObjectInputStream.java:2498)
	at java.base/java.io.ObjectInputStream.readSerialData(ObjectInputStream.java:2392)
	at java.base/java.io.ObjectInputStream.readOrdinaryObject(ObjectInputStream.java:2193)
	at java.base/java.io.ObjectInputStream.readObject0(ObjectInputStream.java:1685)
	at java.base/java.io.ObjectInputStream.readObject(ObjectInputStream.java:499)
	at java.base/java.io.ObjectInputStream.readObject(ObjectInputStream.java:457)
	at org.apache.spark.serializer.JavaDeserializationStream.readObject(JavaSerializer.scala:76)
	at org.apache.spark.serializer.JavaSerializerInstance.deserialize(JavaSerializer.scala:109)
	at org.apache.spark.rpc.netty.NettyRpcEnv.$anonfun$deserialize$2(NettyRpcEnv.scala:299)
	at scala.util.DynamicVariable.withValue(DynamicVariable.scala:59)
	at org.apache.spark.rpc.netty.NettyRpcEnv.deserialize(NettyRpcEnv.scala:352)
	at org.apache.spark.rpc.netty.NettyRpcEnv.$anonfun$deserialize$1(NettyRpcEnv.scala:298)
	at scala.util.DynamicVariable.withValue(DynamicVariable.scala:59)
	at org.apache.spark.rpc.netty.NettyRpcEnv.deserialize(NettyRpcEnv.scala:298)
	at org.apache.spark.rpc.netty.RequestMessage$.apply(NettyRpcEnv.scala:646)
	at org.apache.spark.rpc.netty.NettyRpcHandler.internalReceive(NettyRpcEnv.scala:697)
	at org.apache.spark.rpc.netty.NettyRpcHandler.receive(NettyRpcEnv.scala:689)
	at org.apache.spark.network.server.TransportRequestHandler.processOneWayMessage(TransportRequestHandler.java:274)
	at org.apache.spark.network.server.TransportRequestHandler.handle(TransportRequestHandler.java:111)
	at org.apache.spark.network.server.TransportChannelHandler.channelRead0(TransportChannelHandler.java:140)
	at org.apache.spark.network.server.TransportChannelHandler.channelRead0(TransportChannelHandler.java:53)
	at io.netty.channel.SimpleChannelInboundHandler.channelRead(SimpleChannelInboundHandler.java:99)
	at io.netty.channel.AbstractChannelHandlerContext.invokeChannelRead(AbstractChannelHandlerContext.java:379)
	at io.netty.channel.AbstractChannelHandlerContext.invokeChannelRead(AbstractChannelHandlerContext.java:365)
	at io.netty.channel.AbstractChannelHandlerContext.fireChannelRead(AbstractChannelHandlerContext.java:357)
	at io.netty.handler.timeout.IdleStateHandler.channelRead(IdleStateHandler.java:286)
	at io.netty.channel.AbstractChannelHandlerContext.invokeChannelRead(AbstractChannelHandlerContext.java:379)
	at io.netty.channel.AbstractChannelHandlerContext.invokeChannelRead(AbstractChannelHandlerContext.java:365)
	at io.netty.channel.AbstractChannelHandlerContext.fireChannelRead(AbstractChannelHandlerContext.java:357)
	at io.netty.handler.codec.MessageToMessageDecoder.channelRead(MessageToMessageDecoder.java:103)
	at io.netty.channel.AbstractChannelHandlerContext.invokeChannelRead(AbstractChannelHandlerContext.java:379)
	at io.netty.channel.AbstractChannelHandlerContext.invokeChannelRead(AbstractChannelHandlerContext.java:365)
	at io.netty.channel.AbstractChannelHandlerContext.fireChannelRead(AbstractChannelHandlerContext.java:357)
	at org.apache.spark.network.util.TransportFrameDecoder.channelRead(TransportFrameDecoder.java:102)
	at io.netty.channel.AbstractChannelHandlerContext.invokeChannelRead(AbstractChannelHandlerContext.java:379)
	at io.netty.channel.AbstractChannelHandlerContext.invokeChannelRead(AbstractChannelHandlerContext.java:365)
	at io.netty.channel.AbstractChannelHandlerContext.fireChannelRead(AbstractChannelHandlerContext.java:357)
	at io.netty.channel.DefaultChannelPipeline$HeadContext.channelRead(DefaultChannelPipeline.java:1410)
	at io.netty.channel.AbstractChannelHandlerContext.invokeChannelRead(AbstractChannelHandlerContext.java:379)
	at io.netty.channel.AbstractChannelHandlerContext.invokeChannelRead(AbstractChannelHandlerContext.java:365)
	at io.netty.channel.DefaultChannelPipeline.fireChannelRead(DefaultChannelPipeline.java:919)
	at io.netty.channel.nio.AbstractNioByteChannel$NioByteUnsafe.read(AbstractNioByteChannel.java:166)
	at io.netty.channel.nio.NioEventLoop.processSelectedKey(NioEventLoop.java:719)
	at io.netty.channel.nio.NioEventLoop.processSelectedKeysOptimized(NioEventLoop.java:655)
	at io.netty.channel.nio.NioEventLoop.processSelectedKeys(NioEventLoop.java:581)
	at io.netty.channel.nio.NioEventLoop.run(NioEventLoop.java:493)
	at io.netty.util.concurrent.SingleThreadEventExecutor$4.run(SingleThreadEventExecutor.java:986)
	at io.netty.util.internal.ThreadExecutorMap$2.run(ThreadExecutorMap.java:74)
	at io.netty.util.concurrent.FastThreadLocalRunnable.run(FastThreadLocalRunnable.java:30)
	at java.base/java.lang.Thread.run(Thread.java:832)
23/03/01 14:55:37 ERROR TransportRequestHandler: Error while invoking RpcHandler#receive() for one-way message.
java.io.InvalidClassException: scala.collection.immutable.ArraySeq; local class incompatible: stream classdesc serialVersionUID = -8615987390676041167, local class serialVersionUID = 4730060848621307251
	at java.base/java.io.ObjectStreamClass.initNonProxy(ObjectStreamClass.java:715)
	at java.base/java.io.ObjectInputStream.readNonProxyDesc(ObjectInputStream.java:1999)
	at java.base/java.io.ObjectInputStream.readClassDesc(ObjectInputStream.java:1868)
	at java.base/java.io.ObjectInputStream.readNonProxyDesc(ObjectInputStream.java:1999)
	at java.base/java.io.ObjectInputStream.readClassDesc(ObjectInputStream.java:1868)
	at java.base/java.io.ObjectInputStream.readOrdinaryObject(ObjectInputStream.java:2161)
	at java.base/java.io.ObjectInputStream.readObject0(ObjectInputStream.java:1685)
	at java.base/java.io.ObjectInputStream.defaultReadFields(ObjectInputStream.java:2498)
	at java.base/java.io.ObjectInputStream.readSerialData(ObjectInputStream.java:2392)
	at java.base/java.io.ObjectInputStream.readOrdinaryObject(ObjectInputStream.java:2193)
	at java.base/java.io.ObjectInputStream.readObject0(ObjectInputStream.java:1685)
	at java.base/java.io.ObjectInputStream.defaultReadFields(ObjectInputStream.java:2498)
	at java.base/java.io.ObjectInputStream.readSerialData(ObjectInputStream.java:2392)
	at java.base/java.io.ObjectInputStream.readOrdinaryObject(ObjectInputStream.java:2193)
	at java.base/java.io.ObjectInputStream.readObject0(ObjectInputStream.java:1685)
	at java.base/java.io.ObjectInputStream.defaultReadFields(ObjectInputStream.java:2498)
	at java.base/java.io.ObjectInputStream.readSerialData(ObjectInputStream.java:2392)
	at java.base/java.io.ObjectInputStream.readOrdinaryObject(ObjectInputStream.java:2193)
	at java.base/java.io.ObjectInputStream.readObject0(ObjectInputStream.java:1685)
	at java.base/java.io.ObjectInputStream.readObject(ObjectInputStream.java:499)
	at java.base/java.io.ObjectInputStream.readObject(ObjectInputStream.java:457)
	at org.apache.spark.serializer.JavaDeserializationStream.readObject(JavaSerializer.scala:76)
	at org.apache.spark.serializer.JavaSerializerInstance.deserialize(JavaSerializer.scala:109)
	at org.apache.spark.rpc.netty.NettyRpcEnv.$anonfun$deserialize$2(NettyRpcEnv.scala:299)
	at scala.util.DynamicVariable.withValue(DynamicVariable.scala:59)
	at org.apache.spark.rpc.netty.NettyRpcEnv.deserialize(NettyRpcEnv.scala:352)
	at org.apache.spark.rpc.netty.NettyRpcEnv.$anonfun$deserialize$1(NettyRpcEnv.scala:298)
	at scala.util.DynamicVariable.withValue(DynamicVariable.scala:59)
	at org.apache.spark.rpc.netty.NettyRpcEnv.deserialize(NettyRpcEnv.scala:298)
	at org.apache.spark.rpc.netty.RequestMessage$.apply(NettyRpcEnv.scala:646)
	at org.apache.spark.rpc.netty.NettyRpcHandler.internalReceive(NettyRpcEnv.scala:697)
	at org.apache.spark.rpc.netty.NettyRpcHandler.receive(NettyRpcEnv.scala:689)
	at org.apache.spark.network.server.TransportRequestHandler.processOneWayMessage(TransportRequestHandler.java:274)
	at org.apache.spark.network.server.TransportRequestHandler.handle(TransportRequestHandler.java:111)
	at org.apache.spark.network.server.TransportChannelHandler.channelRead0(TransportChannelHandler.java:140)
	at org.apache.spark.network.server.TransportChannelHandler.channelRead0(TransportChannelHandler.java:53)
	at io.netty.channel.SimpleChannelInboundHandler.channelRead(SimpleChannelInboundHandler.java:99)
	at io.netty.channel.AbstractChannelHandlerContext.invokeChannelRead(AbstractChannelHandlerContext.java:379)
	at io.netty.channel.AbstractChannelHandlerContext.invokeChannelRead(AbstractChannelHandlerContext.java:365)
	at io.netty.channel.AbstractChannelHandlerContext.fireChannelRead(AbstractChannelHandlerContext.java:357)
	at io.netty.handler.timeout.IdleStateHandler.channelRead(IdleStateHandler.java:286)
	at io.netty.channel.AbstractChannelHandlerContext.invokeChannelRead(AbstractChannelHandlerContext.java:379)
	at io.netty.channel.AbstractChannelHandlerContext.invokeChannelRead(AbstractChannelHandlerContext.java:365)
	at io.netty.channel.AbstractChannelHandlerContext.fireChannelRead(AbstractChannelHandlerContext.java:357)
	at io.netty.handler.codec.MessageToMessageDecoder.channelRead(MessageToMessageDecoder.java:103)
	at io.netty.channel.AbstractChannelHandlerContext.invokeChannelRead(AbstractChannelHandlerContext.java:379)
	at io.netty.channel.AbstractChannelHandlerContext.invokeChannelRead(AbstractChannelHandlerContext.java:365)
	at io.netty.channel.AbstractChannelHandlerContext.fireChannelRead(AbstractChannelHandlerContext.java:357)
	at org.apache.spark.network.util.TransportFrameDecoder.channelRead(TransportFrameDecoder.java:102)
	at io.netty.channel.AbstractChannelHandlerContext.invokeChannelRead(AbstractChannelHandlerContext.java:379)
	at io.netty.channel.AbstractChannelHandlerContext.invokeChannelRead(AbstractChannelHandlerContext.java:365)
	at io.netty.channel.AbstractChannelHandlerContext.fireChannelRead(AbstractChannelHandlerContext.java:357)
	at io.netty.channel.DefaultChannelPipeline$HeadContext.channelRead(DefaultChannelPipeline.java:1410)
	at io.netty.channel.AbstractChannelHandlerContext.invokeChannelRead(AbstractChannelHandlerContext.java:379)
	at io.netty.channel.AbstractChannelHandlerContext.invokeChannelRead(AbstractChannelHandlerContext.java:365)
	at io.netty.channel.DefaultChannelPipeline.fireChannelRead(DefaultChannelPipeline.java:919)
	at io.netty.channel.nio.AbstractNioByteChannel$NioByteUnsafe.read(AbstractNioByteChannel.java:166)
	at io.netty.channel.nio.NioEventLoop.processSelectedKey(NioEventLoop.java:719)
	at io.netty.channel.nio.NioEventLoop.processSelectedKeysOptimized(NioEventLoop.java:655)
	at io.netty.channel.nio.NioEventLoop.processSelectedKeys(NioEventLoop.java:581)
	at io.netty.channel.nio.NioEventLoop.run(NioEventLoop.java:493)
	at io.netty.util.concurrent.SingleThreadEventExecutor$4.run(SingleThreadEventExecutor.java:986)
	at io.netty.util.internal.ThreadExecutorMap$2.run(ThreadExecutorMap.java:74)
	at io.netty.util.concurrent.FastThreadLocalRunnable.run(FastThreadLocalRunnable.java:30)
	at java.base/java.lang.Thread.run(Thread.java:832)
23/03/01 14:55:57 ERROR TransportRequestHandler: Error while invoking RpcHandler#receive() for one-way message.
java.io.InvalidClassException: scala.collection.immutable.ArraySeq; local class incompatible: stream classdesc serialVersionUID = -8615987390676041167, local class serialVersionUID = 4730060848621307251
	at java.base/java.io.ObjectStreamClass.initNonProxy(ObjectStreamClass.java:715)
	at java.base/java.io.ObjectInputStream.readNonProxyDesc(ObjectInputStream.java:1999)
	at java.base/java.io.ObjectInputStream.readClassDesc(ObjectInputStream.java:1868)
	at java.base/java.io.ObjectInputStream.readNonProxyDesc(ObjectInputStream.java:1999)
	at java.base/java.io.ObjectInputStream.readClassDesc(ObjectInputStream.java:1868)
	at java.base/java.io.ObjectInputStream.readOrdinaryObject(ObjectInputStream.java:2161)
	at java.base/java.io.ObjectInputStream.readObject0(ObjectInputStream.java:1685)
	at java.base/java.io.ObjectInputStream.defaultReadFields(ObjectInputStream.java:2498)
	at java.base/java.io.ObjectInputStream.readSerialData(ObjectInputStream.java:2392)
	at java.base/java.io.ObjectInputStream.readOrdinaryObject(ObjectInputStream.java:2193)
	at java.base/java.io.ObjectInputStream.readObject0(ObjectInputStream.java:1685)
	at java.base/java.io.ObjectInputStream.defaultReadFields(ObjectInputStream.java:2498)
	at java.base/java.io.ObjectInputStream.readSerialData(ObjectInputStream.java:2392)
	at java.base/java.io.ObjectInputStream.readOrdinaryObject(ObjectInputStream.java:2193)
	at java.base/java.io.ObjectInputStream.readObject0(ObjectInputStream.java:1685)
	at java.base/java.io.ObjectInputStream.defaultReadFields(ObjectInputStream.java:2498)
	at java.base/java.io.ObjectInputStream.readSerialData(ObjectInputStream.java:2392)
	at java.base/java.io.ObjectInputStream.readOrdinaryObject(ObjectInputStream.java:2193)
	at java.base/java.io.ObjectInputStream.readObject0(ObjectInputStream.java:1685)
	at java.base/java.io.ObjectInputStream.readObject(ObjectInputStream.java:499)
	at java.base/java.io.ObjectInputStream.readObject(ObjectInputStream.java:457)
	at org.apache.spark.serializer.JavaDeserializationStream.readObject(JavaSerializer.scala:76)
	at org.apache.spark.serializer.JavaSerializerInstance.deserialize(JavaSerializer.scala:109)
	at org.apache.spark.rpc.netty.NettyRpcEnv.$anonfun$deserialize$2(NettyRpcEnv.scala:299)
	at scala.util.DynamicVariable.withValue(DynamicVariable.scala:59)
	at org.apache.spark.rpc.netty.NettyRpcEnv.deserialize(NettyRpcEnv.scala:352)
	at org.apache.spark.rpc.netty.NettyRpcEnv.$anonfun$deserialize$1(NettyRpcEnv.scala:298)
	at scala.util.DynamicVariable.withValue(DynamicVariable.scala:59)
	at org.apache.spark.rpc.netty.NettyRpcEnv.deserialize(NettyRpcEnv.scala:298)
	at org.apache.spark.rpc.netty.RequestMessage$.apply(NettyRpcEnv.scala:646)
	at org.apache.spark.rpc.netty.NettyRpcHandler.internalReceive(NettyRpcEnv.scala:697)
	at org.apache.spark.rpc.netty.NettyRpcHandler.receive(NettyRpcEnv.scala:689)
	at org.apache.spark.network.server.TransportRequestHandler.processOneWayMessage(TransportRequestHandler.java:274)
	at org.apache.spark.network.server.TransportRequestHandler.handle(TransportRequestHandler.java:111)
	at org.apache.spark.network.server.TransportChannelHandler.channelRead0(TransportChannelHandler.java:140)
	at org.apache.spark.network.server.TransportChannelHandler.channelRead0(TransportChannelHandler.java:53)
	at io.netty.channel.SimpleChannelInboundHandler.channelRead(SimpleChannelInboundHandler.java:99)
	at io.netty.channel.AbstractChannelHandlerContext.invokeChannelRead(AbstractChannelHandlerContext.java:379)
	at io.netty.channel.AbstractChannelHandlerContext.invokeChannelRead(AbstractChannelHandlerContext.java:365)
	at io.netty.channel.AbstractChannelHandlerContext.fireChannelRead(AbstractChannelHandlerContext.java:357)
	at io.netty.handler.timeout.IdleStateHandler.channelRead(IdleStateHandler.java:286)
	at io.netty.channel.AbstractChannelHandlerContext.invokeChannelRead(AbstractChannelHandlerContext.java:379)
	at io.netty.channel.AbstractChannelHandlerContext.invokeChannelRead(AbstractChannelHandlerContext.java:365)
	at io.netty.channel.AbstractChannelHandlerContext.fireChannelRead(AbstractChannelHandlerContext.java:357)
	at io.netty.handler.codec.MessageToMessageDecoder.channelRead(MessageToMessageDecoder.java:103)
	at io.netty.channel.AbstractChannelHandlerContext.invokeChannelRead(AbstractChannelHandlerContext.java:379)
	at io.netty.channel.AbstractChannelHandlerContext.invokeChannelRead(AbstractChannelHandlerContext.java:365)
	at io.netty.channel.AbstractChannelHandlerContext.fireChannelRead(AbstractChannelHandlerContext.java:357)
	at org.apache.spark.network.util.TransportFrameDecoder.channelRead(TransportFrameDecoder.java:102)
	at io.netty.channel.AbstractChannelHandlerContext.invokeChannelRead(AbstractChannelHandlerContext.java:379)
	at io.netty.channel.AbstractChannelHandlerContext.invokeChannelRead(AbstractChannelHandlerContext.java:365)
	at io.netty.channel.AbstractChannelHandlerContext.fireChannelRead(AbstractChannelHandlerContext.java:357)
	at io.netty.channel.DefaultChannelPipeline$HeadContext.channelRead(DefaultChannelPipeline.java:1410)
	at io.netty.channel.AbstractChannelHandlerContext.invokeChannelRead(AbstractChannelHandlerContext.java:379)
	at io.netty.channel.AbstractChannelHandlerContext.invokeChannelRead(AbstractChannelHandlerContext.java:365)
	at io.netty.channel.DefaultChannelPipeline.fireChannelRead(DefaultChannelPipeline.java:919)
	at io.netty.channel.nio.AbstractNioByteChannel$NioByteUnsafe.read(AbstractNioByteChannel.java:166)
	at io.netty.channel.nio.NioEventLoop.processSelectedKey(NioEventLoop.java:719)
	at io.netty.channel.nio.NioEventLoop.processSelectedKeysOptimized(NioEventLoop.java:655)
	at io.netty.channel.nio.NioEventLoop.processSelectedKeys(NioEventLoop.java:581)
	at io.netty.channel.nio.NioEventLoop.run(NioEventLoop.java:493)
	at io.netty.util.concurrent.SingleThreadEventExecutor$4.run(SingleThreadEventExecutor.java:986)
	at io.netty.util.internal.ThreadExecutorMap$2.run(ThreadExecutorMap.java:74)
	at io.netty.util.concurrent.FastThreadLocalRunnable.run(FastThreadLocalRunnable.java:30)
	at java.base/java.lang.Thread.run(Thread.java:832)
23/03/01 14:56:11 INFO Master: 127.0.0.1:65146 got disassociated, removing it.
23/03/01 14:56:11 INFO Master: 169-231-178-94.wireless.ucsb.edu:65145 got disassociated, removing it.
23/03/01 14:56:17 ERROR TransportRequestHandler: Error while invoking RpcHandler#receive() for one-way message.
java.io.InvalidClassException: scala.collection.immutable.ArraySeq; local class incompatible: stream classdesc serialVersionUID = -8615987390676041167, local class serialVersionUID = 4730060848621307251
	at java.base/java.io.ObjectStreamClass.initNonProxy(ObjectStreamClass.java:715)
	at java.base/java.io.ObjectInputStream.readNonProxyDesc(ObjectInputStream.java:1999)
	at java.base/java.io.ObjectInputStream.readClassDesc(ObjectInputStream.java:1868)
	at java.base/java.io.ObjectInputStream.readNonProxyDesc(ObjectInputStream.java:1999)
	at java.base/java.io.ObjectInputStream.readClassDesc(ObjectInputStream.java:1868)
	at java.base/java.io.ObjectInputStream.readOrdinaryObject(ObjectInputStream.java:2161)
	at java.base/java.io.ObjectInputStream.readObject0(ObjectInputStream.java:1685)
	at java.base/java.io.ObjectInputStream.defaultReadFields(ObjectInputStream.java:2498)
	at java.base/java.io.ObjectInputStream.readSerialData(ObjectInputStream.java:2392)
	at java.base/java.io.ObjectInputStream.readOrdinaryObject(ObjectInputStream.java:2193)
	at java.base/java.io.ObjectInputStream.readObject0(ObjectInputStream.java:1685)
	at java.base/java.io.ObjectInputStream.defaultReadFields(ObjectInputStream.java:2498)
	at java.base/java.io.ObjectInputStream.readSerialData(ObjectInputStream.java:2392)
	at java.base/java.io.ObjectInputStream.readOrdinaryObject(ObjectInputStream.java:2193)
	at java.base/java.io.ObjectInputStream.readObject0(ObjectInputStream.java:1685)
	at java.base/java.io.ObjectInputStream.defaultReadFields(ObjectInputStream.java:2498)
	at java.base/java.io.ObjectInputStream.readSerialData(ObjectInputStream.java:2392)
	at java.base/java.io.ObjectInputStream.readOrdinaryObject(ObjectInputStream.java:2193)
	at java.base/java.io.ObjectInputStream.readObject0(ObjectInputStream.java:1685)
	at java.base/java.io.ObjectInputStream.readObject(ObjectInputStream.java:499)
	at java.base/java.io.ObjectInputStream.readObject(ObjectInputStream.java:457)
	at org.apache.spark.serializer.JavaDeserializationStream.readObject(JavaSerializer.scala:76)
	at org.apache.spark.serializer.JavaSerializerInstance.deserialize(JavaSerializer.scala:109)
	at org.apache.spark.rpc.netty.NettyRpcEnv.$anonfun$deserialize$2(NettyRpcEnv.scala:299)
	at scala.util.DynamicVariable.withValue(DynamicVariable.scala:59)
	at org.apache.spark.rpc.netty.NettyRpcEnv.deserialize(NettyRpcEnv.scala:352)
	at org.apache.spark.rpc.netty.NettyRpcEnv.$anonfun$deserialize$1(NettyRpcEnv.scala:298)
	at scala.util.DynamicVariable.withValue(DynamicVariable.scala:59)
	at org.apache.spark.rpc.netty.NettyRpcEnv.deserialize(NettyRpcEnv.scala:298)
	at org.apache.spark.rpc.netty.RequestMessage$.apply(NettyRpcEnv.scala:646)
	at org.apache.spark.rpc.netty.NettyRpcHandler.internalReceive(NettyRpcEnv.scala:697)
	at org.apache.spark.rpc.netty.NettyRpcHandler.receive(NettyRpcEnv.scala:689)
	at org.apache.spark.network.server.TransportRequestHandler.processOneWayMessage(TransportRequestHandler.java:274)
	at org.apache.spark.network.server.TransportRequestHandler.handle(TransportRequestHandler.java:111)
	at org.apache.spark.network.server.TransportChannelHandler.channelRead0(TransportChannelHandler.java:140)
	at org.apache.spark.network.server.TransportChannelHandler.channelRead0(TransportChannelHandler.java:53)
	at io.netty.channel.SimpleChannelInboundHandler.channelRead(SimpleChannelInboundHandler.java:99)
	at io.netty.channel.AbstractChannelHandlerContext.invokeChannelRead(AbstractChannelHandlerContext.java:379)
	at io.netty.channel.AbstractChannelHandlerContext.invokeChannelRead(AbstractChannelHandlerContext.java:365)
	at io.netty.channel.AbstractChannelHandlerContext.fireChannelRead(AbstractChannelHandlerContext.java:357)
	at io.netty.handler.timeout.IdleStateHandler.channelRead(IdleStateHandler.java:286)
	at io.netty.channel.AbstractChannelHandlerContext.invokeChannelRead(AbstractChannelHandlerContext.java:379)
	at io.netty.channel.AbstractChannelHandlerContext.invokeChannelRead(AbstractChannelHandlerContext.java:365)
	at io.netty.channel.AbstractChannelHandlerContext.fireChannelRead(AbstractChannelHandlerContext.java:357)
	at io.netty.handler.codec.MessageToMessageDecoder.channelRead(MessageToMessageDecoder.java:103)
	at io.netty.channel.AbstractChannelHandlerContext.invokeChannelRead(AbstractChannelHandlerContext.java:379)
	at io.netty.channel.AbstractChannelHandlerContext.invokeChannelRead(AbstractChannelHandlerContext.java:365)
	at io.netty.channel.AbstractChannelHandlerContext.fireChannelRead(AbstractChannelHandlerContext.java:357)
	at org.apache.spark.network.util.TransportFrameDecoder.channelRead(TransportFrameDecoder.java:102)
	at io.netty.channel.AbstractChannelHandlerContext.invokeChannelRead(AbstractChannelHandlerContext.java:379)
	at io.netty.channel.AbstractChannelHandlerContext.invokeChannelRead(AbstractChannelHandlerContext.java:365)
	at io.netty.channel.AbstractChannelHandlerContext.fireChannelRead(AbstractChannelHandlerContext.java:357)
	at io.netty.channel.DefaultChannelPipeline$HeadContext.channelRead(DefaultChannelPipeline.java:1410)
	at io.netty.channel.AbstractChannelHandlerContext.invokeChannelRead(AbstractChannelHandlerContext.java:379)
	at io.netty.channel.AbstractChannelHandlerContext.invokeChannelRead(AbstractChannelHandlerContext.java:365)
	at io.netty.channel.DefaultChannelPipeline.fireChannelRead(DefaultChannelPipeline.java:919)
	at io.netty.channel.nio.AbstractNioByteChannel$NioByteUnsafe.read(AbstractNioByteChannel.java:166)
	at io.netty.channel.nio.NioEventLoop.processSelectedKey(NioEventLoop.java:719)
	at io.netty.channel.nio.NioEventLoop.processSelectedKeysOptimized(NioEventLoop.java:655)
	at io.netty.channel.nio.NioEventLoop.processSelectedKeys(NioEventLoop.java:581)
	at io.netty.channel.nio.NioEventLoop.run(NioEventLoop.java:493)
	at io.netty.util.concurrent.SingleThreadEventExecutor$4.run(SingleThreadEventExecutor.java:986)
	at io.netty.util.internal.ThreadExecutorMap$2.run(ThreadExecutorMap.java:74)
	at io.netty.util.concurrent.FastThreadLocalRunnable.run(FastThreadLocalRunnable.java:30)
	at java.base/java.lang.Thread.run(Thread.java:832)
23/03/01 14:56:37 ERROR TransportRequestHandler: Error while invoking RpcHandler#receive() for one-way message.
java.io.InvalidClassException: scala.collection.immutable.ArraySeq; local class incompatible: stream classdesc serialVersionUID = -8615987390676041167, local class serialVersionUID = 4730060848621307251
	at java.base/java.io.ObjectStreamClass.initNonProxy(ObjectStreamClass.java:715)
	at java.base/java.io.ObjectInputStream.readNonProxyDesc(ObjectInputStream.java:1999)
	at java.base/java.io.ObjectInputStream.readClassDesc(ObjectInputStream.java:1868)
	at java.base/java.io.ObjectInputStream.readNonProxyDesc(ObjectInputStream.java:1999)
	at java.base/java.io.ObjectInputStream.readClassDesc(ObjectInputStream.java:1868)
	at java.base/java.io.ObjectInputStream.readOrdinaryObject(ObjectInputStream.java:2161)
	at java.base/java.io.ObjectInputStream.readObject0(ObjectInputStream.java:1685)
	at java.base/java.io.ObjectInputStream.defaultReadFields(ObjectInputStream.java:2498)
	at java.base/java.io.ObjectInputStream.readSerialData(ObjectInputStream.java:2392)
	at java.base/java.io.ObjectInputStream.readOrdinaryObject(ObjectInputStream.java:2193)
	at java.base/java.io.ObjectInputStream.readObject0(ObjectInputStream.java:1685)
	at java.base/java.io.ObjectInputStream.defaultReadFields(ObjectInputStream.java:2498)
	at java.base/java.io.ObjectInputStream.readSerialData(ObjectInputStream.java:2392)
	at java.base/java.io.ObjectInputStream.readOrdinaryObject(ObjectInputStream.java:2193)
	at java.base/java.io.ObjectInputStream.readObject0(ObjectInputStream.java:1685)
	at java.base/java.io.ObjectInputStream.defaultReadFields(ObjectInputStream.java:2498)
	at java.base/java.io.ObjectInputStream.readSerialData(ObjectInputStream.java:2392)
	at java.base/java.io.ObjectInputStream.readOrdinaryObject(ObjectInputStream.java:2193)
	at java.base/java.io.ObjectInputStream.readObject0(ObjectInputStream.java:1685)
	at java.base/java.io.ObjectInputStream.readObject(ObjectInputStream.java:499)
	at java.base/java.io.ObjectInputStream.readObject(ObjectInputStream.java:457)
	at org.apache.spark.serializer.JavaDeserializationStream.readObject(JavaSerializer.scala:76)
	at org.apache.spark.serializer.JavaSerializerInstance.deserialize(JavaSerializer.scala:109)
	at org.apache.spark.rpc.netty.NettyRpcEnv.$anonfun$deserialize$2(NettyRpcEnv.scala:299)
	at scala.util.DynamicVariable.withValue(DynamicVariable.scala:59)
	at org.apache.spark.rpc.netty.NettyRpcEnv.deserialize(NettyRpcEnv.scala:352)
	at org.apache.spark.rpc.netty.NettyRpcEnv.$anonfun$deserialize$1(NettyRpcEnv.scala:298)
	at scala.util.DynamicVariable.withValue(DynamicVariable.scala:59)
	at org.apache.spark.rpc.netty.NettyRpcEnv.deserialize(NettyRpcEnv.scala:298)
	at org.apache.spark.rpc.netty.RequestMessage$.apply(NettyRpcEnv.scala:646)
	at org.apache.spark.rpc.netty.NettyRpcHandler.internalReceive(NettyRpcEnv.scala:697)
	at org.apache.spark.rpc.netty.NettyRpcHandler.receive(NettyRpcEnv.scala:689)
	at org.apache.spark.network.server.TransportRequestHandler.processOneWayMessage(TransportRequestHandler.java:274)
	at org.apache.spark.network.server.TransportRequestHandler.handle(TransportRequestHandler.java:111)
	at org.apache.spark.network.server.TransportChannelHandler.channelRead0(TransportChannelHandler.java:140)
	at org.apache.spark.network.server.TransportChannelHandler.channelRead0(TransportChannelHandler.java:53)
	at io.netty.channel.SimpleChannelInboundHandler.channelRead(SimpleChannelInboundHandler.java:99)
	at io.netty.channel.AbstractChannelHandlerContext.invokeChannelRead(AbstractChannelHandlerContext.java:379)
	at io.netty.channel.AbstractChannelHandlerContext.invokeChannelRead(AbstractChannelHandlerContext.java:365)
	at io.netty.channel.AbstractChannelHandlerContext.fireChannelRead(AbstractChannelHandlerContext.java:357)
	at io.netty.handler.timeout.IdleStateHandler.channelRead(IdleStateHandler.java:286)
	at io.netty.channel.AbstractChannelHandlerContext.invokeChannelRead(AbstractChannelHandlerContext.java:379)
	at io.netty.channel.AbstractChannelHandlerContext.invokeChannelRead(AbstractChannelHandlerContext.java:365)
	at io.netty.channel.AbstractChannelHandlerContext.fireChannelRead(AbstractChannelHandlerContext.java:357)
	at io.netty.handler.codec.MessageToMessageDecoder.channelRead(MessageToMessageDecoder.java:103)
	at io.netty.channel.AbstractChannelHandlerContext.invokeChannelRead(AbstractChannelHandlerContext.java:379)
	at io.netty.channel.AbstractChannelHandlerContext.invokeChannelRead(AbstractChannelHandlerContext.java:365)
	at io.netty.channel.AbstractChannelHandlerContext.fireChannelRead(AbstractChannelHandlerContext.java:357)
	at org.apache.spark.network.util.TransportFrameDecoder.channelRead(TransportFrameDecoder.java:102)
	at io.netty.channel.AbstractChannelHandlerContext.invokeChannelRead(AbstractChannelHandlerContext.java:379)
	at io.netty.channel.AbstractChannelHandlerContext.invokeChannelRead(AbstractChannelHandlerContext.java:365)
	at io.netty.channel.AbstractChannelHandlerContext.fireChannelRead(AbstractChannelHandlerContext.java:357)
	at io.netty.channel.DefaultChannelPipeline$HeadContext.channelRead(DefaultChannelPipeline.java:1410)
	at io.netty.channel.AbstractChannelHandlerContext.invokeChannelRead(AbstractChannelHandlerContext.java:379)
	at io.netty.channel.AbstractChannelHandlerContext.invokeChannelRead(AbstractChannelHandlerContext.java:365)
	at io.netty.channel.DefaultChannelPipeline.fireChannelRead(DefaultChannelPipeline.java:919)
	at io.netty.channel.nio.AbstractNioByteChannel$NioByteUnsafe.read(AbstractNioByteChannel.java:166)
	at io.netty.channel.nio.NioEventLoop.processSelectedKey(NioEventLoop.java:719)
	at io.netty.channel.nio.NioEventLoop.processSelectedKeysOptimized(NioEventLoop.java:655)
	at io.netty.channel.nio.NioEventLoop.processSelectedKeys(NioEventLoop.java:581)
	at io.netty.channel.nio.NioEventLoop.run(NioEventLoop.java:493)
	at io.netty.util.concurrent.SingleThreadEventExecutor$4.run(SingleThreadEventExecutor.java:986)
	at io.netty.util.internal.ThreadExecutorMap$2.run(ThreadExecutorMap.java:74)
	at io.netty.util.concurrent.FastThreadLocalRunnable.run(FastThreadLocalRunnable.java:30)
	at java.base/java.lang.Thread.run(Thread.java:832)
23/03/01 14:56:57 ERROR TransportRequestHandler: Error while invoking RpcHandler#receive() for one-way message.
java.io.InvalidClassException: scala.collection.immutable.ArraySeq; local class incompatible: stream classdesc serialVersionUID = -8615987390676041167, local class serialVersionUID = 4730060848621307251
	at java.base/java.io.ObjectStreamClass.initNonProxy(ObjectStreamClass.java:715)
	at java.base/java.io.ObjectInputStream.readNonProxyDesc(ObjectInputStream.java:1999)
	at java.base/java.io.ObjectInputStream.readClassDesc(ObjectInputStream.java:1868)
	at java.base/java.io.ObjectInputStream.readNonProxyDesc(ObjectInputStream.java:1999)
	at java.base/java.io.ObjectInputStream.readClassDesc(ObjectInputStream.java:1868)
	at java.base/java.io.ObjectInputStream.readOrdinaryObject(ObjectInputStream.java:2161)
	at java.base/java.io.ObjectInputStream.readObject0(ObjectInputStream.java:1685)
	at java.base/java.io.ObjectInputStream.defaultReadFields(ObjectInputStream.java:2498)
	at java.base/java.io.ObjectInputStream.readSerialData(ObjectInputStream.java:2392)
	at java.base/java.io.ObjectInputStream.readOrdinaryObject(ObjectInputStream.java:2193)
	at java.base/java.io.ObjectInputStream.readObject0(ObjectInputStream.java:1685)
	at java.base/java.io.ObjectInputStream.defaultReadFields(ObjectInputStream.java:2498)
	at java.base/java.io.ObjectInputStream.readSerialData(ObjectInputStream.java:2392)
	at java.base/java.io.ObjectInputStream.readOrdinaryObject(ObjectInputStream.java:2193)
	at java.base/java.io.ObjectInputStream.readObject0(ObjectInputStream.java:1685)
	at java.base/java.io.ObjectInputStream.defaultReadFields(ObjectInputStream.java:2498)
	at java.base/java.io.ObjectInputStream.readSerialData(ObjectInputStream.java:2392)
	at java.base/java.io.ObjectInputStream.readOrdinaryObject(ObjectInputStream.java:2193)
	at java.base/java.io.ObjectInputStream.readObject0(ObjectInputStream.java:1685)
	at java.base/java.io.ObjectInputStream.readObject(ObjectInputStream.java:499)
	at java.base/java.io.ObjectInputStream.readObject(ObjectInputStream.java:457)
	at org.apache.spark.serializer.JavaDeserializationStream.readObject(JavaSerializer.scala:76)
	at org.apache.spark.serializer.JavaSerializerInstance.deserialize(JavaSerializer.scala:109)
	at org.apache.spark.rpc.netty.NettyRpcEnv.$anonfun$deserialize$2(NettyRpcEnv.scala:299)
	at scala.util.DynamicVariable.withValue(DynamicVariable.scala:59)
	at org.apache.spark.rpc.netty.NettyRpcEnv.deserialize(NettyRpcEnv.scala:352)
	at org.apache.spark.rpc.netty.NettyRpcEnv.$anonfun$deserialize$1(NettyRpcEnv.scala:298)
	at scala.util.DynamicVariable.withValue(DynamicVariable.scala:59)
	at org.apache.spark.rpc.netty.NettyRpcEnv.deserialize(NettyRpcEnv.scala:298)
	at org.apache.spark.rpc.netty.RequestMessage$.apply(NettyRpcEnv.scala:646)
	at org.apache.spark.rpc.netty.NettyRpcHandler.internalReceive(NettyRpcEnv.scala:697)
	at org.apache.spark.rpc.netty.NettyRpcHandler.receive(NettyRpcEnv.scala:689)
	at org.apache.spark.network.server.TransportRequestHandler.processOneWayMessage(TransportRequestHandler.java:274)
	at org.apache.spark.network.server.TransportRequestHandler.handle(TransportRequestHandler.java:111)
	at org.apache.spark.network.server.TransportChannelHandler.channelRead0(TransportChannelHandler.java:140)
	at org.apache.spark.network.server.TransportChannelHandler.channelRead0(TransportChannelHandler.java:53)
	at io.netty.channel.SimpleChannelInboundHandler.channelRead(SimpleChannelInboundHandler.java:99)
	at io.netty.channel.AbstractChannelHandlerContext.invokeChannelRead(AbstractChannelHandlerContext.java:379)
	at io.netty.channel.AbstractChannelHandlerContext.invokeChannelRead(AbstractChannelHandlerContext.java:365)
	at io.netty.channel.AbstractChannelHandlerContext.fireChannelRead(AbstractChannelHandlerContext.java:357)
	at io.netty.handler.timeout.IdleStateHandler.channelRead(IdleStateHandler.java:286)
	at io.netty.channel.AbstractChannelHandlerContext.invokeChannelRead(AbstractChannelHandlerContext.java:379)
	at io.netty.channel.AbstractChannelHandlerContext.invokeChannelRead(AbstractChannelHandlerContext.java:365)
	at io.netty.channel.AbstractChannelHandlerContext.fireChannelRead(AbstractChannelHandlerContext.java:357)
	at io.netty.handler.codec.MessageToMessageDecoder.channelRead(MessageToMessageDecoder.java:103)
	at io.netty.channel.AbstractChannelHandlerContext.invokeChannelRead(AbstractChannelHandlerContext.java:379)
	at io.netty.channel.AbstractChannelHandlerContext.invokeChannelRead(AbstractChannelHandlerContext.java:365)
	at io.netty.channel.AbstractChannelHandlerContext.fireChannelRead(AbstractChannelHandlerContext.java:357)
	at org.apache.spark.network.util.TransportFrameDecoder.channelRead(TransportFrameDecoder.java:102)
	at io.netty.channel.AbstractChannelHandlerContext.invokeChannelRead(AbstractChannelHandlerContext.java:379)
	at io.netty.channel.AbstractChannelHandlerContext.invokeChannelRead(AbstractChannelHandlerContext.java:365)
	at io.netty.channel.AbstractChannelHandlerContext.fireChannelRead(AbstractChannelHandlerContext.java:357)
	at io.netty.channel.DefaultChannelPipeline$HeadContext.channelRead(DefaultChannelPipeline.java:1410)
	at io.netty.channel.AbstractChannelHandlerContext.invokeChannelRead(AbstractChannelHandlerContext.java:379)
	at io.netty.channel.AbstractChannelHandlerContext.invokeChannelRead(AbstractChannelHandlerContext.java:365)
	at io.netty.channel.DefaultChannelPipeline.fireChannelRead(DefaultChannelPipeline.java:919)
	at io.netty.channel.nio.AbstractNioByteChannel$NioByteUnsafe.read(AbstractNioByteChannel.java:166)
	at io.netty.channel.nio.NioEventLoop.processSelectedKey(NioEventLoop.java:719)
	at io.netty.channel.nio.NioEventLoop.processSelectedKeysOptimized(NioEventLoop.java:655)
	at io.netty.channel.nio.NioEventLoop.processSelectedKeys(NioEventLoop.java:581)
	at io.netty.channel.nio.NioEventLoop.run(NioEventLoop.java:493)
	at io.netty.util.concurrent.SingleThreadEventExecutor$4.run(SingleThreadEventExecutor.java:986)
	at io.netty.util.internal.ThreadExecutorMap$2.run(ThreadExecutorMap.java:74)
	at io.netty.util.concurrent.FastThreadLocalRunnable.run(FastThreadLocalRunnable.java:30)
	at java.base/java.lang.Thread.run(Thread.java:832)
23/03/01 14:57:17 INFO Master: 127.0.0.1:65151 got disassociated, removing it.
23/03/01 14:57:17 INFO Master: 169-231-178-94.wireless.ucsb.edu:65150 got disassociated, removing it.
23/03/01 14:58:00 INFO Master: Registering app pyspark-shell
23/03/01 14:58:00 INFO Master: Registered app pyspark-shell with ID app-20230301145800-0000
23/03/01 14:58:00 INFO Master: Launching executor app-20230301145800-0000/0 on worker worker-20230301145350-169.231.178.94-65132
23/03/01 14:58:25 ERROR TransportRequestHandler: Error while invoking RpcHandler#receive() on RPC id 8263102183899145011
java.io.InvalidClassException: org.apache.spark.rpc.netty.RpcEndpointVerifier$CheckExistence; local class incompatible: stream classdesc serialVersionUID = 7789290765573734431, local class serialVersionUID = 5378738997755484868
	at java.base/java.io.ObjectStreamClass.initNonProxy(ObjectStreamClass.java:715)
	at java.base/java.io.ObjectInputStream.readNonProxyDesc(ObjectInputStream.java:1999)
	at java.base/java.io.ObjectInputStream.readClassDesc(ObjectInputStream.java:1868)
	at java.base/java.io.ObjectInputStream.readOrdinaryObject(ObjectInputStream.java:2161)
	at java.base/java.io.ObjectInputStream.readObject0(ObjectInputStream.java:1685)
	at java.base/java.io.ObjectInputStream.readObject(ObjectInputStream.java:499)
	at java.base/java.io.ObjectInputStream.readObject(ObjectInputStream.java:457)
	at org.apache.spark.serializer.JavaDeserializationStream.readObject(JavaSerializer.scala:76)
	at org.apache.spark.serializer.JavaSerializerInstance.deserialize(JavaSerializer.scala:109)
	at org.apache.spark.rpc.netty.NettyRpcEnv.$anonfun$deserialize$2(NettyRpcEnv.scala:299)
	at scala.util.DynamicVariable.withValue(DynamicVariable.scala:59)
	at org.apache.spark.rpc.netty.NettyRpcEnv.deserialize(NettyRpcEnv.scala:352)
	at org.apache.spark.rpc.netty.NettyRpcEnv.$anonfun$deserialize$1(NettyRpcEnv.scala:298)
	at scala.util.DynamicVariable.withValue(DynamicVariable.scala:59)
	at org.apache.spark.rpc.netty.NettyRpcEnv.deserialize(NettyRpcEnv.scala:298)
	at org.apache.spark.rpc.netty.RequestMessage$.apply(NettyRpcEnv.scala:646)
	at org.apache.spark.rpc.netty.NettyRpcHandler.internalReceive(NettyRpcEnv.scala:697)
	at org.apache.spark.rpc.netty.NettyRpcHandler.receive(NettyRpcEnv.scala:682)
	at org.apache.spark.network.server.TransportRequestHandler.processRpcRequest(TransportRequestHandler.java:163)
	at org.apache.spark.network.server.TransportRequestHandler.handle(TransportRequestHandler.java:109)
	at org.apache.spark.network.server.TransportChannelHandler.channelRead0(TransportChannelHandler.java:140)
	at org.apache.spark.network.server.TransportChannelHandler.channelRead0(TransportChannelHandler.java:53)
	at io.netty.channel.SimpleChannelInboundHandler.channelRead(SimpleChannelInboundHandler.java:99)
	at io.netty.channel.AbstractChannelHandlerContext.invokeChannelRead(AbstractChannelHandlerContext.java:379)
	at io.netty.channel.AbstractChannelHandlerContext.invokeChannelRead(AbstractChannelHandlerContext.java:365)
	at io.netty.channel.AbstractChannelHandlerContext.fireChannelRead(AbstractChannelHandlerContext.java:357)
	at io.netty.handler.timeout.IdleStateHandler.channelRead(IdleStateHandler.java:286)
	at io.netty.channel.AbstractChannelHandlerContext.invokeChannelRead(AbstractChannelHandlerContext.java:379)
	at io.netty.channel.AbstractChannelHandlerContext.invokeChannelRead(AbstractChannelHandlerContext.java:365)
	at io.netty.channel.AbstractChannelHandlerContext.fireChannelRead(AbstractChannelHandlerContext.java:357)
	at io.netty.handler.codec.MessageToMessageDecoder.channelRead(MessageToMessageDecoder.java:103)
	at io.netty.channel.AbstractChannelHandlerContext.invokeChannelRead(AbstractChannelHandlerContext.java:379)
	at io.netty.channel.AbstractChannelHandlerContext.invokeChannelRead(AbstractChannelHandlerContext.java:365)
	at io.netty.channel.AbstractChannelHandlerContext.fireChannelRead(AbstractChannelHandlerContext.java:357)
	at org.apache.spark.network.util.TransportFrameDecoder.channelRead(TransportFrameDecoder.java:102)
	at io.netty.channel.AbstractChannelHandlerContext.invokeChannelRead(AbstractChannelHandlerContext.java:379)
	at io.netty.channel.AbstractChannelHandlerContext.invokeChannelRead(AbstractChannelHandlerContext.java:365)
	at io.netty.channel.AbstractChannelHandlerContext.fireChannelRead(AbstractChannelHandlerContext.java:357)
	at io.netty.channel.DefaultChannelPipeline$HeadContext.channelRead(DefaultChannelPipeline.java:1410)
	at io.netty.channel.AbstractChannelHandlerContext.invokeChannelRead(AbstractChannelHandlerContext.java:379)
	at io.netty.channel.AbstractChannelHandlerContext.invokeChannelRead(AbstractChannelHandlerContext.java:365)
	at io.netty.channel.DefaultChannelPipeline.fireChannelRead(DefaultChannelPipeline.java:919)
	at io.netty.channel.nio.AbstractNioByteChannel$NioByteUnsafe.read(AbstractNioByteChannel.java:166)
	at io.netty.channel.nio.NioEventLoop.processSelectedKey(NioEventLoop.java:719)
	at io.netty.channel.nio.NioEventLoop.processSelectedKeysOptimized(NioEventLoop.java:655)
	at io.netty.channel.nio.NioEventLoop.processSelectedKeys(NioEventLoop.java:581)
	at io.netty.channel.nio.NioEventLoop.run(NioEventLoop.java:493)
	at io.netty.util.concurrent.SingleThreadEventExecutor$4.run(SingleThreadEventExecutor.java:986)
	at io.netty.util.internal.ThreadExecutorMap$2.run(ThreadExecutorMap.java:74)
	at io.netty.util.concurrent.FastThreadLocalRunnable.run(FastThreadLocalRunnable.java:30)
	at java.base/java.lang.Thread.run(Thread.java:832)
23/03/01 14:58:43 INFO Master: 127.0.0.1:65182 got disassociated, removing it.
23/03/01 14:58:48 ERROR TransportRequestHandler: Error while invoking RpcHandler#receive() on RPC id 7763582942887881665
java.io.InvalidClassException: org.apache.spark.rpc.netty.RpcEndpointVerifier$CheckExistence; local class incompatible: stream classdesc serialVersionUID = 7789290765573734431, local class serialVersionUID = 5378738997755484868
	at java.base/java.io.ObjectStreamClass.initNonProxy(ObjectStreamClass.java:715)
	at java.base/java.io.ObjectInputStream.readNonProxyDesc(ObjectInputStream.java:1999)
	at java.base/java.io.ObjectInputStream.readClassDesc(ObjectInputStream.java:1868)
	at java.base/java.io.ObjectInputStream.readOrdinaryObject(ObjectInputStream.java:2161)
	at java.base/java.io.ObjectInputStream.readObject0(ObjectInputStream.java:1685)
	at java.base/java.io.ObjectInputStream.readObject(ObjectInputStream.java:499)
	at java.base/java.io.ObjectInputStream.readObject(ObjectInputStream.java:457)
	at org.apache.spark.serializer.JavaDeserializationStream.readObject(JavaSerializer.scala:76)
	at org.apache.spark.serializer.JavaSerializerInstance.deserialize(JavaSerializer.scala:109)
	at org.apache.spark.rpc.netty.NettyRpcEnv.$anonfun$deserialize$2(NettyRpcEnv.scala:299)
	at scala.util.DynamicVariable.withValue(DynamicVariable.scala:59)
	at org.apache.spark.rpc.netty.NettyRpcEnv.deserialize(NettyRpcEnv.scala:352)
	at org.apache.spark.rpc.netty.NettyRpcEnv.$anonfun$deserialize$1(NettyRpcEnv.scala:298)
	at scala.util.DynamicVariable.withValue(DynamicVariable.scala:59)
	at org.apache.spark.rpc.netty.NettyRpcEnv.deserialize(NettyRpcEnv.scala:298)
	at org.apache.spark.rpc.netty.RequestMessage$.apply(NettyRpcEnv.scala:646)
	at org.apache.spark.rpc.netty.NettyRpcHandler.internalReceive(NettyRpcEnv.scala:697)
	at org.apache.spark.rpc.netty.NettyRpcHandler.receive(NettyRpcEnv.scala:682)
	at org.apache.spark.network.server.TransportRequestHandler.processRpcRequest(TransportRequestHandler.java:163)
	at org.apache.spark.network.server.TransportRequestHandler.handle(TransportRequestHandler.java:109)
	at org.apache.spark.network.server.TransportChannelHandler.channelRead0(TransportChannelHandler.java:140)
	at org.apache.spark.network.server.TransportChannelHandler.channelRead0(TransportChannelHandler.java:53)
	at io.netty.channel.SimpleChannelInboundHandler.channelRead(SimpleChannelInboundHandler.java:99)
	at io.netty.channel.AbstractChannelHandlerContext.invokeChannelRead(AbstractChannelHandlerContext.java:379)
	at io.netty.channel.AbstractChannelHandlerContext.invokeChannelRead(AbstractChannelHandlerContext.java:365)
	at io.netty.channel.AbstractChannelHandlerContext.fireChannelRead(AbstractChannelHandlerContext.java:357)
	at io.netty.handler.timeout.IdleStateHandler.channelRead(IdleStateHandler.java:286)
	at io.netty.channel.AbstractChannelHandlerContext.invokeChannelRead(AbstractChannelHandlerContext.java:379)
	at io.netty.channel.AbstractChannelHandlerContext.invokeChannelRead(AbstractChannelHandlerContext.java:365)
	at io.netty.channel.AbstractChannelHandlerContext.fireChannelRead(AbstractChannelHandlerContext.java:357)
	at io.netty.handler.codec.MessageToMessageDecoder.channelRead(MessageToMessageDecoder.java:103)
	at io.netty.channel.AbstractChannelHandlerContext.invokeChannelRead(AbstractChannelHandlerContext.java:379)
	at io.netty.channel.AbstractChannelHandlerContext.invokeChannelRead(AbstractChannelHandlerContext.java:365)
	at io.netty.channel.AbstractChannelHandlerContext.fireChannelRead(AbstractChannelHandlerContext.java:357)
	at org.apache.spark.network.util.TransportFrameDecoder.channelRead(TransportFrameDecoder.java:102)
	at io.netty.channel.AbstractChannelHandlerContext.invokeChannelRead(AbstractChannelHandlerContext.java:379)
	at io.netty.channel.AbstractChannelHandlerContext.invokeChannelRead(AbstractChannelHandlerContext.java:365)
	at io.netty.channel.AbstractChannelHandlerContext.fireChannelRead(AbstractChannelHandlerContext.java:357)
	at io.netty.channel.DefaultChannelPipeline$HeadContext.channelRead(DefaultChannelPipeline.java:1410)
	at io.netty.channel.AbstractChannelHandlerContext.invokeChannelRead(AbstractChannelHandlerContext.java:379)
	at io.netty.channel.AbstractChannelHandlerContext.invokeChannelRead(AbstractChannelHandlerContext.java:365)
	at io.netty.channel.DefaultChannelPipeline.fireChannelRead(DefaultChannelPipeline.java:919)
	at io.netty.channel.nio.AbstractNioByteChannel$NioByteUnsafe.read(AbstractNioByteChannel.java:166)
	at io.netty.channel.nio.NioEventLoop.processSelectedKey(NioEventLoop.java:719)
	at io.netty.channel.nio.NioEventLoop.processSelectedKeysOptimized(NioEventLoop.java:655)
	at io.netty.channel.nio.NioEventLoop.processSelectedKeys(NioEventLoop.java:581)
	at io.netty.channel.nio.NioEventLoop.run(NioEventLoop.java:493)
	at io.netty.util.concurrent.SingleThreadEventExecutor$4.run(SingleThreadEventExecutor.java:986)
	at io.netty.util.internal.ThreadExecutorMap$2.run(ThreadExecutorMap.java:74)
	at io.netty.util.concurrent.FastThreadLocalRunnable.run(FastThreadLocalRunnable.java:30)
	at java.base/java.lang.Thread.run(Thread.java:832)
23/03/01 14:58:59 INFO Master: 127.0.0.1:65187 got disassociated, removing it.
23/03/01 14:59:41 INFO Master: Registering app pyspark-shell
23/03/01 14:59:41 INFO Master: Registered app pyspark-shell with ID app-20230301145941-0001
23/03/01 14:59:43 INFO Master: Received unregister request from application app-20230301145941-0001
23/03/01 14:59:43 INFO Master: Removing app app-20230301145941-0001
23/03/01 14:59:43 INFO Master: 127.0.0.1:65235 got disassociated, removing it.
23/03/01 14:59:43 INFO Master: 169-231-178-94.wireless.ucsb.edu:65233 got disassociated, removing it.
23/03/01 14:59:57 ERROR TransportRequestHandler: Error while invoking RpcHandler#receive() on RPC id 8225340378192831483
java.io.InvalidClassException: org.apache.spark.rpc.netty.RpcEndpointVerifier$CheckExistence; local class incompatible: stream classdesc serialVersionUID = 7789290765573734431, local class serialVersionUID = 5378738997755484868
	at java.base/java.io.ObjectStreamClass.initNonProxy(ObjectStreamClass.java:715)
	at java.base/java.io.ObjectInputStream.readNonProxyDesc(ObjectInputStream.java:1999)
	at java.base/java.io.ObjectInputStream.readClassDesc(ObjectInputStream.java:1868)
	at java.base/java.io.ObjectInputStream.readOrdinaryObject(ObjectInputStream.java:2161)
	at java.base/java.io.ObjectInputStream.readObject0(ObjectInputStream.java:1685)
	at java.base/java.io.ObjectInputStream.readObject(ObjectInputStream.java:499)
	at java.base/java.io.ObjectInputStream.readObject(ObjectInputStream.java:457)
	at org.apache.spark.serializer.JavaDeserializationStream.readObject(JavaSerializer.scala:76)
	at org.apache.spark.serializer.JavaSerializerInstance.deserialize(JavaSerializer.scala:109)
	at org.apache.spark.rpc.netty.NettyRpcEnv.$anonfun$deserialize$2(NettyRpcEnv.scala:299)
	at scala.util.DynamicVariable.withValue(DynamicVariable.scala:59)
	at org.apache.spark.rpc.netty.NettyRpcEnv.deserialize(NettyRpcEnv.scala:352)
	at org.apache.spark.rpc.netty.NettyRpcEnv.$anonfun$deserialize$1(NettyRpcEnv.scala:298)
	at scala.util.DynamicVariable.withValue(DynamicVariable.scala:59)
	at org.apache.spark.rpc.netty.NettyRpcEnv.deserialize(NettyRpcEnv.scala:298)
	at org.apache.spark.rpc.netty.RequestMessage$.apply(NettyRpcEnv.scala:646)
	at org.apache.spark.rpc.netty.NettyRpcHandler.internalReceive(NettyRpcEnv.scala:697)
	at org.apache.spark.rpc.netty.NettyRpcHandler.receive(NettyRpcEnv.scala:682)
	at org.apache.spark.network.server.TransportRequestHandler.processRpcRequest(TransportRequestHandler.java:163)
	at org.apache.spark.network.server.TransportRequestHandler.handle(TransportRequestHandler.java:109)
	at org.apache.spark.network.server.TransportChannelHandler.channelRead0(TransportChannelHandler.java:140)
	at org.apache.spark.network.server.TransportChannelHandler.channelRead0(TransportChannelHandler.java:53)
	at io.netty.channel.SimpleChannelInboundHandler.channelRead(SimpleChannelInboundHandler.java:99)
	at io.netty.channel.AbstractChannelHandlerContext.invokeChannelRead(AbstractChannelHandlerContext.java:379)
	at io.netty.channel.AbstractChannelHandlerContext.invokeChannelRead(AbstractChannelHandlerContext.java:365)
	at io.netty.channel.AbstractChannelHandlerContext.fireChannelRead(AbstractChannelHandlerContext.java:357)
	at io.netty.handler.timeout.IdleStateHandler.channelRead(IdleStateHandler.java:286)
	at io.netty.channel.AbstractChannelHandlerContext.invokeChannelRead(AbstractChannelHandlerContext.java:379)
	at io.netty.channel.AbstractChannelHandlerContext.invokeChannelRead(AbstractChannelHandlerContext.java:365)
	at io.netty.channel.AbstractChannelHandlerContext.fireChannelRead(AbstractChannelHandlerContext.java:357)
	at io.netty.handler.codec.MessageToMessageDecoder.channelRead(MessageToMessageDecoder.java:103)
	at io.netty.channel.AbstractChannelHandlerContext.invokeChannelRead(AbstractChannelHandlerContext.java:379)
	at io.netty.channel.AbstractChannelHandlerContext.invokeChannelRead(AbstractChannelHandlerContext.java:365)
	at io.netty.channel.AbstractChannelHandlerContext.fireChannelRead(AbstractChannelHandlerContext.java:357)
	at org.apache.spark.network.util.TransportFrameDecoder.channelRead(TransportFrameDecoder.java:102)
	at io.netty.channel.AbstractChannelHandlerContext.invokeChannelRead(AbstractChannelHandlerContext.java:379)
	at io.netty.channel.AbstractChannelHandlerContext.invokeChannelRead(AbstractChannelHandlerContext.java:365)
	at io.netty.channel.AbstractChannelHandlerContext.fireChannelRead(AbstractChannelHandlerContext.java:357)
	at io.netty.channel.DefaultChannelPipeline$HeadContext.channelRead(DefaultChannelPipeline.java:1410)
	at io.netty.channel.AbstractChannelHandlerContext.invokeChannelRead(AbstractChannelHandlerContext.java:379)
	at io.netty.channel.AbstractChannelHandlerContext.invokeChannelRead(AbstractChannelHandlerContext.java:365)
	at io.netty.channel.DefaultChannelPipeline.fireChannelRead(DefaultChannelPipeline.java:919)
	at io.netty.channel.nio.AbstractNioByteChannel$NioByteUnsafe.read(AbstractNioByteChannel.java:166)
	at io.netty.channel.nio.NioEventLoop.processSelectedKey(NioEventLoop.java:719)
	at io.netty.channel.nio.NioEventLoop.processSelectedKeysOptimized(NioEventLoop.java:655)
	at io.netty.channel.nio.NioEventLoop.processSelectedKeys(NioEventLoop.java:581)
	at io.netty.channel.nio.NioEventLoop.run(NioEventLoop.java:493)
	at io.netty.util.concurrent.SingleThreadEventExecutor$4.run(SingleThreadEventExecutor.java:986)
	at io.netty.util.internal.ThreadExecutorMap$2.run(ThreadExecutorMap.java:74)
	at io.netty.util.concurrent.FastThreadLocalRunnable.run(FastThreadLocalRunnable.java:30)
	at java.base/java.lang.Thread.run(Thread.java:832)
23/03/01 15:00:05 INFO Master: 127.0.0.1:65242 got disassociated, removing it.
23/03/01 15:01:12 INFO Master: Registering app pyspark-shell
23/03/01 15:01:12 INFO Master: Registered app pyspark-shell with ID app-20230301150112-0002
23/03/01 15:01:14 INFO Master: Received unregister request from application app-20230301150112-0002
23/03/01 15:01:14 INFO Master: Removing app app-20230301150112-0002
23/03/01 15:01:14 INFO Master: 127.0.0.1:65250 got disassociated, removing it.
23/03/01 15:01:14 INFO Master: 169-231-178-94.wireless.ucsb.edu:65249 got disassociated, removing it.
23/03/01 15:03:48 INFO Master: Registering app pyspark-shell
23/03/01 15:03:48 INFO Master: Registered app pyspark-shell with ID app-20230301150348-0003
23/03/01 15:04:26 INFO Master: Registering app pyspark-shell
23/03/01 15:04:26 INFO Master: Registered app pyspark-shell with ID app-20230301150426-0004
23/03/01 15:17:52 INFO Master: Registering app pyspark-shell
23/03/01 15:17:52 INFO Master: Registered app pyspark-shell with ID app-20230301151752-0005
23/03/01 15:48:36 ERROR TransportRequestHandler: Error while invoking RpcHandler#receive() on RPC id 6839566391484564708
java.io.InvalidClassException: org.apache.spark.rpc.netty.RpcEndpointVerifier$CheckExistence; local class incompatible: stream classdesc serialVersionUID = 7789290765573734431, local class serialVersionUID = 5378738997755484868
	at java.base/java.io.ObjectStreamClass.initNonProxy(ObjectStreamClass.java:715)
	at java.base/java.io.ObjectInputStream.readNonProxyDesc(ObjectInputStream.java:1999)
	at java.base/java.io.ObjectInputStream.readClassDesc(ObjectInputStream.java:1868)
	at java.base/java.io.ObjectInputStream.readOrdinaryObject(ObjectInputStream.java:2161)
	at java.base/java.io.ObjectInputStream.readObject0(ObjectInputStream.java:1685)
	at java.base/java.io.ObjectInputStream.readObject(ObjectInputStream.java:499)
	at java.base/java.io.ObjectInputStream.readObject(ObjectInputStream.java:457)
	at org.apache.spark.serializer.JavaDeserializationStream.readObject(JavaSerializer.scala:76)
	at org.apache.spark.serializer.JavaSerializerInstance.deserialize(JavaSerializer.scala:109)
	at org.apache.spark.rpc.netty.NettyRpcEnv.$anonfun$deserialize$2(NettyRpcEnv.scala:299)
	at scala.util.DynamicVariable.withValue(DynamicVariable.scala:59)
	at org.apache.spark.rpc.netty.NettyRpcEnv.deserialize(NettyRpcEnv.scala:352)
	at org.apache.spark.rpc.netty.NettyRpcEnv.$anonfun$deserialize$1(NettyRpcEnv.scala:298)
	at scala.util.DynamicVariable.withValue(DynamicVariable.scala:59)
	at org.apache.spark.rpc.netty.NettyRpcEnv.deserialize(NettyRpcEnv.scala:298)
	at org.apache.spark.rpc.netty.RequestMessage$.apply(NettyRpcEnv.scala:646)
	at org.apache.spark.rpc.netty.NettyRpcHandler.internalReceive(NettyRpcEnv.scala:697)
	at org.apache.spark.rpc.netty.NettyRpcHandler.receive(NettyRpcEnv.scala:682)
	at org.apache.spark.network.server.TransportRequestHandler.processRpcRequest(TransportRequestHandler.java:163)
	at org.apache.spark.network.server.TransportRequestHandler.handle(TransportRequestHandler.java:109)
	at org.apache.spark.network.server.TransportChannelHandler.channelRead0(TransportChannelHandler.java:140)
	at org.apache.spark.network.server.TransportChannelHandler.channelRead0(TransportChannelHandler.java:53)
	at io.netty.channel.SimpleChannelInboundHandler.channelRead(SimpleChannelInboundHandler.java:99)
	at io.netty.channel.AbstractChannelHandlerContext.invokeChannelRead(AbstractChannelHandlerContext.java:379)
	at io.netty.channel.AbstractChannelHandlerContext.invokeChannelRead(AbstractChannelHandlerContext.java:365)
	at io.netty.channel.AbstractChannelHandlerContext.fireChannelRead(AbstractChannelHandlerContext.java:357)
	at io.netty.handler.timeout.IdleStateHandler.channelRead(IdleStateHandler.java:286)
	at io.netty.channel.AbstractChannelHandlerContext.invokeChannelRead(AbstractChannelHandlerContext.java:379)
	at io.netty.channel.AbstractChannelHandlerContext.invokeChannelRead(AbstractChannelHandlerContext.java:365)
	at io.netty.channel.AbstractChannelHandlerContext.fireChannelRead(AbstractChannelHandlerContext.java:357)
	at io.netty.handler.codec.MessageToMessageDecoder.channelRead(MessageToMessageDecoder.java:103)
	at io.netty.channel.AbstractChannelHandlerContext.invokeChannelRead(AbstractChannelHandlerContext.java:379)
	at io.netty.channel.AbstractChannelHandlerContext.invokeChannelRead(AbstractChannelHandlerContext.java:365)
	at io.netty.channel.AbstractChannelHandlerContext.fireChannelRead(AbstractChannelHandlerContext.java:357)
	at org.apache.spark.network.util.TransportFrameDecoder.channelRead(TransportFrameDecoder.java:102)
	at io.netty.channel.AbstractChannelHandlerContext.invokeChannelRead(AbstractChannelHandlerContext.java:379)
	at io.netty.channel.AbstractChannelHandlerContext.invokeChannelRead(AbstractChannelHandlerContext.java:365)
	at io.netty.channel.AbstractChannelHandlerContext.fireChannelRead(AbstractChannelHandlerContext.java:357)
	at io.netty.channel.DefaultChannelPipeline$HeadContext.channelRead(DefaultChannelPipeline.java:1410)
	at io.netty.channel.AbstractChannelHandlerContext.invokeChannelRead(AbstractChannelHandlerContext.java:379)
	at io.netty.channel.AbstractChannelHandlerContext.invokeChannelRead(AbstractChannelHandlerContext.java:365)
	at io.netty.channel.DefaultChannelPipeline.fireChannelRead(DefaultChannelPipeline.java:919)
	at io.netty.channel.nio.AbstractNioByteChannel$NioByteUnsafe.read(AbstractNioByteChannel.java:166)
	at io.netty.channel.nio.NioEventLoop.processSelectedKey(NioEventLoop.java:719)
	at io.netty.channel.nio.NioEventLoop.processSelectedKeysOptimized(NioEventLoop.java:655)
	at io.netty.channel.nio.NioEventLoop.processSelectedKeys(NioEventLoop.java:581)
	at io.netty.channel.nio.NioEventLoop.run(NioEventLoop.java:493)
	at io.netty.util.concurrent.SingleThreadEventExecutor$4.run(SingleThreadEventExecutor.java:986)
	at io.netty.util.internal.ThreadExecutorMap$2.run(ThreadExecutorMap.java:74)
	at io.netty.util.concurrent.FastThreadLocalRunnable.run(FastThreadLocalRunnable.java:30)
	at java.base/java.lang.Thread.run(Thread.java:832)
23/03/01 15:48:56 ERROR TransportRequestHandler: Error while invoking RpcHandler#receive() on RPC id 8482046897564170191
java.io.InvalidClassException: org.apache.spark.rpc.netty.RpcEndpointVerifier$CheckExistence; local class incompatible: stream classdesc serialVersionUID = 7789290765573734431, local class serialVersionUID = 5378738997755484868
	at java.base/java.io.ObjectStreamClass.initNonProxy(ObjectStreamClass.java:715)
	at java.base/java.io.ObjectInputStream.readNonProxyDesc(ObjectInputStream.java:1999)
	at java.base/java.io.ObjectInputStream.readClassDesc(ObjectInputStream.java:1868)
	at java.base/java.io.ObjectInputStream.readOrdinaryObject(ObjectInputStream.java:2161)
	at java.base/java.io.ObjectInputStream.readObject0(ObjectInputStream.java:1685)
	at java.base/java.io.ObjectInputStream.readObject(ObjectInputStream.java:499)
	at java.base/java.io.ObjectInputStream.readObject(ObjectInputStream.java:457)
	at org.apache.spark.serializer.JavaDeserializationStream.readObject(JavaSerializer.scala:76)
	at org.apache.spark.serializer.JavaSerializerInstance.deserialize(JavaSerializer.scala:109)
	at org.apache.spark.rpc.netty.NettyRpcEnv.$anonfun$deserialize$2(NettyRpcEnv.scala:299)
	at scala.util.DynamicVariable.withValue(DynamicVariable.scala:59)
	at org.apache.spark.rpc.netty.NettyRpcEnv.deserialize(NettyRpcEnv.scala:352)
	at org.apache.spark.rpc.netty.NettyRpcEnv.$anonfun$deserialize$1(NettyRpcEnv.scala:298)
	at scala.util.DynamicVariable.withValue(DynamicVariable.scala:59)
	at org.apache.spark.rpc.netty.NettyRpcEnv.deserialize(NettyRpcEnv.scala:298)
	at org.apache.spark.rpc.netty.RequestMessage$.apply(NettyRpcEnv.scala:646)
	at org.apache.spark.rpc.netty.NettyRpcHandler.internalReceive(NettyRpcEnv.scala:697)
	at org.apache.spark.rpc.netty.NettyRpcHandler.receive(NettyRpcEnv.scala:682)
	at org.apache.spark.network.server.TransportRequestHandler.processRpcRequest(TransportRequestHandler.java:163)
	at org.apache.spark.network.server.TransportRequestHandler.handle(TransportRequestHandler.java:109)
	at org.apache.spark.network.server.TransportChannelHandler.channelRead0(TransportChannelHandler.java:140)
	at org.apache.spark.network.server.TransportChannelHandler.channelRead0(TransportChannelHandler.java:53)
	at io.netty.channel.SimpleChannelInboundHandler.channelRead(SimpleChannelInboundHandler.java:99)
	at io.netty.channel.AbstractChannelHandlerContext.invokeChannelRead(AbstractChannelHandlerContext.java:379)
	at io.netty.channel.AbstractChannelHandlerContext.invokeChannelRead(AbstractChannelHandlerContext.java:365)
	at io.netty.channel.AbstractChannelHandlerContext.fireChannelRead(AbstractChannelHandlerContext.java:357)
	at io.netty.handler.timeout.IdleStateHandler.channelRead(IdleStateHandler.java:286)
	at io.netty.channel.AbstractChannelHandlerContext.invokeChannelRead(AbstractChannelHandlerContext.java:379)
	at io.netty.channel.AbstractChannelHandlerContext.invokeChannelRead(AbstractChannelHandlerContext.java:365)
	at io.netty.channel.AbstractChannelHandlerContext.fireChannelRead(AbstractChannelHandlerContext.java:357)
	at io.netty.handler.codec.MessageToMessageDecoder.channelRead(MessageToMessageDecoder.java:103)
	at io.netty.channel.AbstractChannelHandlerContext.invokeChannelRead(AbstractChannelHandlerContext.java:379)
	at io.netty.channel.AbstractChannelHandlerContext.invokeChannelRead(AbstractChannelHandlerContext.java:365)
	at io.netty.channel.AbstractChannelHandlerContext.fireChannelRead(AbstractChannelHandlerContext.java:357)
	at org.apache.spark.network.util.TransportFrameDecoder.channelRead(TransportFrameDecoder.java:102)
	at io.netty.channel.AbstractChannelHandlerContext.invokeChannelRead(AbstractChannelHandlerContext.java:379)
	at io.netty.channel.AbstractChannelHandlerContext.invokeChannelRead(AbstractChannelHandlerContext.java:365)
	at io.netty.channel.AbstractChannelHandlerContext.fireChannelRead(AbstractChannelHandlerContext.java:357)
	at io.netty.channel.DefaultChannelPipeline$HeadContext.channelRead(DefaultChannelPipeline.java:1410)
	at io.netty.channel.AbstractChannelHandlerContext.invokeChannelRead(AbstractChannelHandlerContext.java:379)
	at io.netty.channel.AbstractChannelHandlerContext.invokeChannelRead(AbstractChannelHandlerContext.java:365)
	at io.netty.channel.DefaultChannelPipeline.fireChannelRead(DefaultChannelPipeline.java:919)
	at io.netty.channel.nio.AbstractNioByteChannel$NioByteUnsafe.read(AbstractNioByteChannel.java:166)
	at io.netty.channel.nio.NioEventLoop.processSelectedKey(NioEventLoop.java:719)
	at io.netty.channel.nio.NioEventLoop.processSelectedKeysOptimized(NioEventLoop.java:655)
	at io.netty.channel.nio.NioEventLoop.processSelectedKeys(NioEventLoop.java:581)
	at io.netty.channel.nio.NioEventLoop.run(NioEventLoop.java:493)
	at io.netty.util.concurrent.SingleThreadEventExecutor$4.run(SingleThreadEventExecutor.java:986)
	at io.netty.util.internal.ThreadExecutorMap$2.run(ThreadExecutorMap.java:74)
	at io.netty.util.concurrent.FastThreadLocalRunnable.run(FastThreadLocalRunnable.java:30)
	at java.base/java.lang.Thread.run(Thread.java:832)
23/03/01 15:48:59 INFO Master: 127.0.0.1:50735 got disassociated, removing it.
23/03/01 15:49:52 INFO Master: Received unregister request from application app-20230301150426-0004
23/03/01 15:49:52 INFO Master: Removing app app-20230301150426-0004
23/03/01 15:49:52 INFO Master: Received unregister request from application app-20230301150348-0003
23/03/01 15:49:52 INFO Master: Removing app app-20230301150348-0003
23/03/01 15:49:52 INFO Master: Received unregister request from application app-20230301151752-0005
23/03/01 15:49:52 INFO Master: Removing app app-20230301151752-0005
23/03/01 15:49:52 INFO Master: 127.0.0.1:49404 got disassociated, removing it.
23/03/01 15:49:52 INFO Master: 169-231-178-94.wireless.ucsb.edu:49381 got disassociated, removing it.
23/03/01 15:49:52 INFO Master: 127.0.0.1:49179 got disassociated, removing it.
23/03/01 15:49:52 INFO Master: 169-231-178-94.wireless.ucsb.edu:49155 got disassociated, removing it.
23/03/01 15:49:52 INFO Master: 127.0.0.1:49714 got disassociated, removing it.
23/03/01 15:49:52 INFO Master: 169-231-178-94.wireless.ucsb.edu:49693 got disassociated, removing it.
23/03/01 15:50:57 INFO Master: Registering app pyspark-shell
23/03/01 15:50:57 INFO Master: Registered app pyspark-shell with ID app-20230301155057-0006
23/03/01 15:51:49 INFO Master: Registering app pyspark-shell
23/03/01 15:51:49 INFO Master: Registered app pyspark-shell with ID app-20230301155149-0007
23/03/01 15:51:52 INFO Master: Received unregister request from application app-20230301155149-0007
23/03/01 15:51:52 INFO Master: Removing app app-20230301155149-0007
23/03/01 15:51:52 INFO Master: 127.0.0.1:52716 got disassociated, removing it.
23/03/01 15:51:52 INFO Master: 169-231-178-94.wireless.ucsb.edu:52664 got disassociated, removing it.
23/03/01 15:52:57 INFO Master: Registering app pyspark-shell
23/03/01 15:52:57 INFO Master: Registered app pyspark-shell with ID app-20230301155257-0008
23/03/01 15:53:00 INFO Master: Received unregister request from application app-20230301155257-0008
23/03/01 15:53:00 INFO Master: Removing app app-20230301155257-0008
23/03/01 15:53:00 INFO Master: 127.0.0.1:53306 got disassociated, removing it.
23/03/01 15:53:00 INFO Master: 169-231-178-94.wireless.ucsb.edu:53261 got disassociated, removing it.
23/03/01 15:53:28 INFO Master: Registering app pyspark-shell
23/03/01 15:53:28 INFO Master: Registered app pyspark-shell with ID app-20230301155328-0009
23/03/01 15:53:30 INFO Master: Received unregister request from application app-20230301155328-0009
23/03/01 15:53:30 INFO Master: Removing app app-20230301155328-0009
23/03/01 15:53:31 INFO Master: 127.0.0.1:53817 got disassociated, removing it.
23/03/01 15:53:31 INFO Master: 169-231-178-94.wireless.ucsb.edu:53768 got disassociated, removing it.
23/03/01 15:53:37 INFO Master: Registering app pyspark-shell
23/03/01 15:53:37 INFO Master: Registered app pyspark-shell with ID app-20230301155337-0010
23/03/01 15:53:39 INFO Master: Received unregister request from application app-20230301155337-0010
23/03/01 15:53:39 INFO Master: Removing app app-20230301155337-0010
23/03/01 15:53:39 INFO Master: 127.0.0.1:54223 got disassociated, removing it.
23/03/01 15:53:39 INFO Master: 169-231-178-94.wireless.ucsb.edu:54173 got disassociated, removing it.
23/03/01 15:55:26 INFO Master: Registering app pyspark-shell
23/03/01 15:55:26 INFO Master: Registered app pyspark-shell with ID app-20230301155526-0011
23/03/01 15:55:29 INFO Master: Received unregister request from application app-20230301155526-0011
23/03/01 15:55:29 INFO Master: Removing app app-20230301155526-0011
23/03/01 15:55:29 INFO Master: 127.0.0.1:54806 got disassociated, removing it.
23/03/01 15:55:29 INFO Master: 169-231-178-94.wireless.ucsb.edu:54759 got disassociated, removing it.
23/03/01 15:55:36 INFO Master: Registering app pyspark-shell
23/03/01 15:55:36 INFO Master: Registered app pyspark-shell with ID app-20230301155536-0012
23/03/01 15:55:38 INFO Master: Received unregister request from application app-20230301155536-0012
23/03/01 15:55:38 INFO Master: Removing app app-20230301155536-0012
23/03/01 15:55:38 INFO Master: 127.0.0.1:55212 got disassociated, removing it.
23/03/01 15:55:38 INFO Master: 169-231-178-94.wireless.ucsb.edu:55162 got disassociated, removing it.
23/03/01 15:55:47 INFO Master: Received unregister request from application app-20230301155057-0006
23/03/01 15:55:47 INFO Master: Removing app app-20230301155057-0006
23/03/01 15:55:48 INFO Master: 127.0.0.1:52275 got disassociated, removing it.
23/03/01 15:55:48 INFO Master: 169-231-178-94.wireless.ucsb.edu:52252 got disassociated, removing it.
23/03/01 15:56:27 INFO Master: Registering app pyspark-shell
23/03/01 15:56:27 INFO Master: Registered app pyspark-shell with ID app-20230301155627-0013
23/03/01 15:56:30 INFO Master: Received unregister request from application app-20230301155627-0013
23/03/01 15:56:30 INFO Master: Removing app app-20230301155627-0013
23/03/01 15:56:30 INFO Master: 127.0.0.1:55676 got disassociated, removing it.
23/03/01 15:56:30 INFO Master: 169-231-178-94.wireless.ucsb.edu:55628 got disassociated, removing it.
23/03/01 15:57:28 INFO Master: Registering app pyspark-shell
23/03/01 15:57:28 INFO Master: Registered app pyspark-shell with ID app-20230301155728-0014
23/03/01 15:57:31 INFO Master: Received unregister request from application app-20230301155728-0014
23/03/01 15:57:31 INFO Master: Removing app app-20230301155728-0014
23/03/01 15:57:31 INFO Master: 127.0.0.1:56144 got disassociated, removing it.
23/03/01 15:57:31 INFO Master: 169-231-178-94.wireless.ucsb.edu:56072 got disassociated, removing it.
23/03/01 15:58:27 INFO Master: Registering app pyspark-shell
23/03/01 15:58:27 INFO Master: Registered app pyspark-shell with ID app-20230301155827-0015
23/03/01 15:58:30 INFO Master: Received unregister request from application app-20230301155827-0015
23/03/01 15:58:30 INFO Master: Removing app app-20230301155827-0015
23/03/01 15:58:30 INFO Master: 127.0.0.1:56556 got disassociated, removing it.
23/03/01 15:58:30 INFO Master: 169-231-178-94.wireless.ucsb.edu:56508 got disassociated, removing it.
23/03/01 15:59:30 INFO Master: Registering app pyspark-shell
23/03/01 15:59:30 INFO Master: Registered app pyspark-shell with ID app-20230301155930-0016
23/03/01 15:59:32 INFO Master: Received unregister request from application app-20230301155930-0016
23/03/01 15:59:32 INFO Master: Removing app app-20230301155930-0016
23/03/01 15:59:32 INFO Master: 127.0.0.1:57074 got disassociated, removing it.
23/03/01 15:59:32 INFO Master: 169-231-178-94.wireless.ucsb.edu:57024 got disassociated, removing it.
23/03/01 16:00:28 INFO Master: Registering app pyspark-shell
23/03/01 16:00:28 INFO Master: Registered app pyspark-shell with ID app-20230301160028-0017
23/03/01 16:00:31 INFO Master: Received unregister request from application app-20230301160028-0017
23/03/01 16:00:31 INFO Master: Removing app app-20230301160028-0017
23/03/01 16:00:31 INFO Master: 127.0.0.1:57512 got disassociated, removing it.
23/03/01 16:00:31 INFO Master: 169-231-178-94.wireless.ucsb.edu:57463 got disassociated, removing it.
23/03/01 16:02:29 INFO Master: Registering app transform:samridhim/publish-demo-2/12
23/03/01 16:02:29 INFO Master: Registered app transform:samridhim/publish-demo-2/12 with ID app-20230301160229-0018
23/03/01 16:02:29 INFO Master: Application app-20230301160229-0018 requested to set total executors to 1.
23/03/01 16:02:32 INFO Master: Received unregister request from application app-20230301160229-0018
23/03/01 16:02:32 INFO Master: Removing app app-20230301160229-0018
23/03/01 16:02:32 INFO Master: 127.0.0.1:58192 got disassociated, removing it.
23/03/01 16:02:32 INFO Master: 169-231-178-94.wireless.ucsb.edu:58162 got disassociated, removing it.
23/03/01 16:03:31 INFO Master: Registering app transform:samridhim/publish-demo-2/13
23/03/01 16:03:31 INFO Master: Registered app transform:samridhim/publish-demo-2/13 with ID app-20230301160331-0019
23/03/01 16:03:32 INFO Master: Application app-20230301160331-0019 requested to set total executors to 1.
23/03/01 16:03:35 INFO Master: Received unregister request from application app-20230301160331-0019
23/03/01 16:03:35 INFO Master: Removing app app-20230301160331-0019
23/03/01 16:03:35 INFO Master: 127.0.0.1:58826 got disassociated, removing it.
23/03/01 16:03:35 INFO Master: 169-231-178-94.wireless.ucsb.edu:58766 got disassociated, removing it.
23/03/01 16:03:36 INFO Master: Registering app explore
23/03/01 16:03:36 INFO Master: Registered app explore with ID app-20230301160336-0020
23/03/01 16:03:37 INFO Master: Application app-20230301160336-0020 requested to set total executors to 1.
23/03/01 16:04:28 INFO Master: Registering app transform:samridhim/publish-demo-2/14
23/03/01 16:04:28 INFO Master: Registered app transform:samridhim/publish-demo-2/14 with ID app-20230301160428-0021
23/03/01 16:04:29 INFO Master: Application app-20230301160428-0021 requested to set total executors to 1.
23/03/01 16:04:31 INFO Master: Received unregister request from application app-20230301160428-0021
23/03/01 16:04:31 INFO Master: Removing app app-20230301160428-0021
23/03/01 16:04:31 INFO Master: 127.0.0.1:59504 got disassociated, removing it.
23/03/01 16:04:31 INFO Master: 169-231-178-94.wireless.ucsb.edu:59474 got disassociated, removing it.
23/03/01 16:05:30 INFO Master: Registering app transform:samridhim/publish-demo-2/15
23/03/01 16:05:30 INFO Master: Registered app transform:samridhim/publish-demo-2/15 with ID app-20230301160530-0022
23/03/01 16:05:30 INFO Master: Application app-20230301160530-0022 requested to set total executors to 1.
23/03/01 16:05:33 INFO Master: Received unregister request from application app-20230301160530-0022
23/03/01 16:05:33 INFO Master: Removing app app-20230301160530-0022
23/03/01 16:05:33 INFO Master: 127.0.0.1:60024 got disassociated, removing it.
23/03/01 16:05:33 INFO Master: 169-231-178-94.wireless.ucsb.edu:59993 got disassociated, removing it.
23/03/01 16:06:29 INFO Master: Registering app transform:samridhim/publish-demo-2/16
23/03/01 16:06:29 INFO Master: Registered app transform:samridhim/publish-demo-2/16 with ID app-20230301160629-0023
23/03/01 16:06:29 INFO Master: Application app-20230301160629-0023 requested to set total executors to 1.
23/03/01 16:06:32 INFO Master: Received unregister request from application app-20230301160629-0023
23/03/01 16:06:32 INFO Master: Removing app app-20230301160629-0023
23/03/01 16:06:32 INFO Master: 127.0.0.1:60464 got disassociated, removing it.
23/03/01 16:06:32 INFO Master: 169-231-178-94.wireless.ucsb.edu:60437 got disassociated, removing it.
23/03/01 16:07:07 INFO Master: Registering app explore
23/03/01 16:07:07 INFO Master: Registered app explore with ID app-20230301160707-0024
23/03/01 16:07:08 INFO Master: Application app-20230301160707-0024 requested to set total executors to 1.
23/03/01 16:07:30 INFO Master: Registering app transform:samridhim/publish-demo-2/17
23/03/01 16:07:30 INFO Master: Registered app transform:samridhim/publish-demo-2/17 with ID app-20230301160730-0025
23/03/01 16:07:30 INFO Master: Application app-20230301160730-0025 requested to set total executors to 1.
23/03/01 16:07:32 INFO Master: Received unregister request from application app-20230301160730-0025
23/03/01 16:07:32 INFO Master: Removing app app-20230301160730-0025
23/03/01 16:07:32 INFO Master: 127.0.0.1:61151 got disassociated, removing it.
23/03/01 16:07:32 INFO Master: 169-231-178-94.wireless.ucsb.edu:61124 got disassociated, removing it.
23/03/01 16:08:31 INFO Master: Registering app transform:samridhim/publish-demo-2/18
23/03/01 16:08:31 INFO Master: Registered app transform:samridhim/publish-demo-2/18 with ID app-20230301160831-0026
23/03/01 16:08:31 INFO Master: Application app-20230301160831-0026 requested to set total executors to 1.
23/03/01 16:08:34 INFO Master: Received unregister request from application app-20230301160831-0026
23/03/01 16:08:34 INFO Master: Removing app app-20230301160831-0026
23/03/01 16:08:34 INFO Master: 127.0.0.1:61672 got disassociated, removing it.
23/03/01 16:08:34 INFO Master: 169-231-178-94.wireless.ucsb.edu:61643 got disassociated, removing it.
23/03/01 16:09:29 INFO Master: Registering app transform:samridhim/publish-demo-2/19
23/03/01 16:09:29 INFO Master: Registered app transform:samridhim/publish-demo-2/19 with ID app-20230301160929-0027
23/03/01 16:09:30 INFO Master: Application app-20230301160929-0027 requested to set total executors to 1.
23/03/01 16:09:32 INFO Master: Received unregister request from application app-20230301160929-0027
23/03/01 16:09:32 INFO Master: Removing app app-20230301160929-0027
23/03/01 16:09:32 INFO Master: 127.0.0.1:62097 got disassociated, removing it.
23/03/01 16:09:32 INFO Master: 169-231-178-94.wireless.ucsb.edu:62065 got disassociated, removing it.
23/03/01 16:10:11 INFO Master: Received unregister request from application app-20230301145800-0000
23/03/01 16:10:11 INFO Master: Removing app app-20230301145800-0000
23/03/01 16:10:11 INFO Master: Launching executor app-20230301160336-0020/0 on worker worker-20230301145350-169.231.178.94-65132
23/03/01 16:10:11 INFO Master: Launching executor app-20230301160707-0024/0 on worker worker-20230301145350-169.231.178.94-65132
23/03/01 16:10:11 INFO Master: 127.0.0.1:65170 got disassociated, removing it.
23/03/01 16:10:11 INFO Master: 169-231-178-94.wireless.ucsb.edu:65168 got disassociated, removing it.
23/03/01 16:10:12 WARN Master: Got status update for unknown executor app-20230301145800-0000/0
23/03/01 16:10:33 INFO Master: Registering app transform:samridhim/publish-demo-2/20
23/03/01 16:10:33 INFO Master: Registered app transform:samridhim/publish-demo-2/20 with ID app-20230301161033-0028
23/03/01 16:10:33 INFO Master: Application app-20230301161033-0028 requested to set total executors to 1.
23/03/01 16:10:33 INFO Master: Launching executor app-20230301161033-0028/0 on worker worker-20230301145350-169.231.178.94-65132
23/03/01 16:10:36 INFO Master: Received unregister request from application app-20230301161033-0028
23/03/01 16:10:36 INFO Master: Removing app app-20230301161033-0028
23/03/01 16:10:36 INFO Master: 127.0.0.1:62690 got disassociated, removing it.
23/03/01 16:10:36 INFO Master: 169-231-178-94.wireless.ucsb.edu:62660 got disassociated, removing it.
23/03/01 16:10:36 WARN Master: Got status update for unknown executor app-20230301161033-0028/0
23/03/01 16:11:29 INFO Master: Registering app transform:samridhim/publish-demo-2/21
23/03/01 16:11:29 INFO Master: Registered app transform:samridhim/publish-demo-2/21 with ID app-20230301161129-0029
23/03/01 16:11:30 INFO Master: Application app-20230301161129-0029 requested to set total executors to 1.
23/03/01 16:11:30 INFO Master: Launching executor app-20230301161129-0029/0 on worker worker-20230301145350-169.231.178.94-65132
23/03/01 16:11:33 INFO Master: Received unregister request from application app-20230301161129-0029
23/03/01 16:11:33 INFO Master: Removing app app-20230301161129-0029
23/03/01 16:11:33 WARN Master: Got status update for unknown executor app-20230301161129-0029/0
23/03/01 16:11:33 INFO Master: 127.0.0.1:63111 got disassociated, removing it.
23/03/01 16:11:33 INFO Master: 169-231-178-94.wireless.ucsb.edu:63080 got disassociated, removing it.
23/03/01 16:13:42 INFO Master: Registering app transform:samridhim/publish-demo-2/23
23/03/01 16:13:42 INFO Master: Registered app transform:samridhim/publish-demo-2/23 with ID app-20230301161342-0030
23/03/01 16:13:42 INFO Master: Application app-20230301161342-0030 requested to set total executors to 1.
23/03/01 16:13:42 INFO Master: Launching executor app-20230301161342-0030/0 on worker worker-20230301145350-169.231.178.94-65132
23/03/01 16:13:46 INFO Master: Received unregister request from application app-20230301161342-0030
23/03/01 16:13:46 INFO Master: Removing app app-20230301161342-0030
23/03/01 16:13:46 WARN Master: Got status update for unknown executor app-20230301161342-0030/0
23/03/01 16:13:46 INFO Master: 127.0.0.1:50602 got disassociated, removing it.
23/03/01 16:13:46 INFO Master: 169-231-178-94.wireless.ucsb.edu:50572 got disassociated, removing it.
23/03/01 16:14:30 INFO Master: Registering app transform:samridhim/publish-demo-2/24
23/03/01 16:14:30 INFO Master: Registered app transform:samridhim/publish-demo-2/24 with ID app-20230301161430-0031
23/03/01 16:14:30 INFO Master: Application app-20230301161430-0031 requested to set total executors to 1.
23/03/01 16:14:30 INFO Master: Launching executor app-20230301161430-0031/0 on worker worker-20230301145350-169.231.178.94-65132
23/03/01 16:14:33 INFO Master: Received unregister request from application app-20230301161430-0031
23/03/01 16:14:33 INFO Master: Removing app app-20230301161430-0031
23/03/01 16:14:33 INFO Master: 127.0.0.1:51032 got disassociated, removing it.
23/03/01 16:14:33 INFO Master: 169-231-178-94.wireless.ucsb.edu:51003 got disassociated, removing it.
23/03/01 16:14:33 WARN Master: Got status update for unknown executor app-20230301161430-0031/0
23/03/01 16:15:32 INFO Master: Registering app transform:samridhim/publish-demo-2/25
23/03/01 16:15:32 INFO Master: Registered app transform:samridhim/publish-demo-2/25 with ID app-20230301161532-0032
23/03/01 16:15:33 INFO Master: Application app-20230301161532-0032 requested to set total executors to 1.
23/03/01 16:15:33 INFO Master: Launching executor app-20230301161532-0032/0 on worker worker-20230301145350-169.231.178.94-65132
23/03/01 16:15:35 INFO Master: Received unregister request from application app-20230301161532-0032
23/03/01 16:15:35 INFO Master: Removing app app-20230301161532-0032
23/03/01 16:15:35 INFO Master: 127.0.0.1:51566 got disassociated, removing it.
23/03/01 16:15:35 INFO Master: 169-231-178-94.wireless.ucsb.edu:51535 got disassociated, removing it.
23/03/01 16:15:35 WARN Master: Got status update for unknown executor app-20230301161532-0032/0
